<?xml version="1.0" encoding="UTF-8" ?><rss version="2.0" xmlns:g="http://base.google.com/ns/1.0" xmlns:c="http://base.google.com/cns/1.0"><channel><title>test-feed</title>
    <link><![CDATA[https://www.alhuzaifa.com/wp-content/uploads/cart_product_feeds/Google/test-feed.xml]]></link>
    <description>test-feed</description><item>
        <g:id>3293</g:id>
        <title><![CDATA[AGNES DINING CHAIR]]></title>
        <description><![CDATA[High Density PU Sponge.
Hard Chinese Pine and Plywood.
Stainless Steel 304# in Antique Bronze.
Fully Upholstered in Fabric.]]></description>
        <link><![CDATA[https://www.alhuzaifa.com/shop/agnes-dining-chair/]]></link>
        <g:product_type><![CDATA[Furniture > Chair Accessories]]></g:product_type>
        <g:google_product_category><![CDATA[Furniture > Chair Accessories]]></g:google_product_category>
        <g:image_link><![CDATA[https://www.alhuzaifa.com/wp-content/uploads/2020/05/1000-x-700-DC-16.jpg]]></g:image_link>
        <g:condition>New</g:condition>
        <g:availability>in stock</g:availability>
        <g:price>2020.00 AED</g:price>
        <g:sale_price>1515.00 AED</g:sale_price>
        <g:mpn><![CDATA[DINDC2326-KD]]></g:mpn>
        <g:identifier_exists><![CDATA[FALSE]]></g:identifier_exists>
        <g:color><![CDATA[Rubino Taupe + Antique Brass]]></g:color>
        <g:additional_image_link><![CDATA[https://www.alhuzaifa.com/wp-content/uploads/2020/05/1000-x-700-DC-17.jpg]]></g:additional_image_link>
        <g:additional_image_link><![CDATA[https://www.alhuzaifa.com/wp-content/uploads/2020/05/1000-x-700-DC-18.jpg]]></g:additional_image_link></item><item>
        <g:id>3303</g:id>
        <g:item_group_id>3301</g:item_group_id>
        <title><![CDATA[BERYL DINING CHAIR]]></title>
        <description><![CDATA[High Density PU Sponge.
Hard Chinese Pine and Plywood.

Stainless Steel 304# in Lux Titanium.

Fully upholstered in fabric.]]></description>
        <link><![CDATA[https://www.alhuzaifa.com/shop/beryl-dining-chair/]]></link>
        <g:product_type><![CDATA[Furniture > Chair Accessories]]></g:product_type>
        <g:google_product_category><![CDATA[Furniture > Chair Accessories]]></g:google_product_category>
        <g:image_link><![CDATA[https://www.alhuzaifa.com/wp-content/uploads/2020/05/BERYL-PICCOLO-ANTIQUE-1.jpg]]></g:image_link>
        <g:condition>New</g:condition>
        <g:availability>in stock</g:availability>
        <g:price>1870.00 AED</g:price>
        <g:sale_price>1400.00 AED</g:sale_price>
        <g:mpn><![CDATA[DINDC2271-G2]]></g:mpn>
        <g:identifier_exists><![CDATA[FALSE]]></g:identifier_exists>
        <g:color><![CDATA[Piccolo Antique]]></g:color></item><item>
        <g:id>3310</g:id>
        <g:item_group_id>3308</g:item_group_id>
        <title><![CDATA[CAPELLA DINING CHAIR]]></title>
        <description><![CDATA[Inner frame in powder coated mild steel.

Seat and backrest upholstered with recycle leather.]]></description>
        <link><![CDATA[https://www.alhuzaifa.com/shop/capella-dining-chair/]]></link>
        <g:product_type><![CDATA[Furniture > Chair Accessories]]></g:product_type>
        <g:google_product_category><![CDATA[Furniture > Chair Accessories]]></g:google_product_category>
        <g:image_link><![CDATA[https://www.alhuzaifa.com/wp-content/uploads/2020/05/CAPELLA-DARK-GREY-2.jpg]]></g:image_link>
        <g:condition>New</g:condition>
        <g:availability>in stock</g:availability>
        <g:price>865.00 AED</g:price>
        <g:sale_price>645.00 AED</g:sale_price>
        <g:mpn><![CDATA[DINDC17078-FB05]]></g:mpn>
        <g:identifier_exists><![CDATA[FALSE]]></g:identifier_exists>
        <g:color><![CDATA[Dark Grey]]></g:color></item><item>
        <g:id>3309</g:id>
        <g:item_group_id>3308</g:item_group_id>
        <title><![CDATA[CAPELLA DINING CHAIR]]></title>
        <description><![CDATA[Inner frame in powder coated mild steel.

Seat and backrest upholstered with recycle leather.]]></description>
        <link><![CDATA[https://www.alhuzaifa.com/shop/capella-dining-chair/]]></link>
        <g:product_type><![CDATA[Furniture > Chair Accessories]]></g:product_type>
        <g:google_product_category><![CDATA[Furniture > Chair Accessories]]></g:google_product_category>
        <g:image_link><![CDATA[https://www.alhuzaifa.com/wp-content/uploads/2020/05/39-2.jpg]]></g:image_link>
        <g:condition>New</g:condition>
        <g:availability>in stock</g:availability>
        <g:price>865.00 AED</g:price>
        <g:sale_price>645.00 AED</g:sale_price>
        <g:mpn><![CDATA[DINDC17078-M836]]></g:mpn>
        <g:identifier_exists><![CDATA[FALSE]]></g:identifier_exists>
        <g:color><![CDATA[Beige]]></g:color></item><item>
        <g:id>3317</g:id>
        <title><![CDATA[CATALEYA DISPLAY SHELF]]></title>
        <description><![CDATA[ASH WOOD
Frame In Walnut.

STAINLESS STEEL IN CHAMPAGNE GOLD FINISH.

SHELVES IN PU GREY MATT .]]></description>
        <link><![CDATA[https://www.alhuzaifa.com/shop/cataleya-display-shelf/]]></link>
        <g:product_type><![CDATA[Furniture > Chair Accessories]]></g:product_type>
        <g:google_product_category><![CDATA[Furniture > Chair Accessories]]></g:google_product_category>
        <g:condition>New</g:condition>
        <g:availability>in stock</g:availability>
        <g:price>3400.00 AED</g:price>
        <g:sale_price>2550.00 AED</g:sale_price>
        <g:mpn><![CDATA[DINDS17138]]></g:mpn>
        <g:identifier_exists><![CDATA[FALSE]]></g:identifier_exists>
        <g:color><![CDATA[WALNUT AND GREY MATT.]]></g:color></item><item>
        <g:id>3319</g:id>
        <title><![CDATA[CATALEYA DINING TABLE GLASS]]></title>
        <description><![CDATA[TOP:TEMPERED GLASS 15MM.
LEG:AMERICAN ASH WOOD in Walnut.

STAINLESS STEEL in Champagne gold .]]></description>
        <link><![CDATA[https://www.alhuzaifa.com/shop/cataleya-dining-table-glass/]]></link>
        <g:product_type><![CDATA[Furniture > Chair Accessories]]></g:product_type>
        <g:google_product_category><![CDATA[Furniture > Chair Accessories]]></g:google_product_category>
        <g:image_link><![CDATA[https://www.alhuzaifa.com/wp-content/uploads/2020/05/cataleya-glass.jpg]]></g:image_link>
        <g:condition>New</g:condition>
        <g:availability>in stock</g:availability>
        <g:price>11100.00 AED</g:price>
        <g:sale_price>8325.00 AED</g:sale_price>
        <g:mpn><![CDATA[DINDT19005-WALNUT]]></g:mpn>
        <g:identifier_exists><![CDATA[FALSE]]></g:identifier_exists>
        <g:color><![CDATA[Glass + Walnut]]></g:color>
        <g:additional_image_link><![CDATA[https://www.alhuzaifa.com/wp-content/uploads/2020/05/3I2A1280.jpg]]></g:additional_image_link>
        <g:additional_image_link><![CDATA[https://www.alhuzaifa.com/wp-content/uploads/2020/05/3I2A1281.jpg]]></g:additional_image_link>
        <g:additional_image_link><![CDATA[https://www.alhuzaifa.com/wp-content/uploads/2020/05/3I2A1284.jpg]]></g:additional_image_link></item><item>
        <g:id>3323</g:id>
        <title><![CDATA[CATALEYA DINING TABLE MARBLE]]></title>
        <description><![CDATA[TOP IN VICTORIA NATURAL MARBLE .

LEG IN AMERICAN ASH WOOD STAINED WALNUT.

STAINLESS STEEL IN CHAMPAGNE GOLD.]]></description>
        <link><![CDATA[https://www.alhuzaifa.com/shop/cataleya-dining-table-marble/]]></link>
        <g:product_type><![CDATA[Furniture > Chair Accessories]]></g:product_type>
        <g:google_product_category><![CDATA[Furniture > Chair Accessories]]></g:google_product_category>
        <g:image_link><![CDATA[https://www.alhuzaifa.com/wp-content/uploads/2020/05/6-3.jpg]]></g:image_link>
        <g:condition>New</g:condition>
        <g:availability>in stock</g:availability>
        <g:price>23300.00 AED</g:price>
        <g:sale_price>17475.00 AED</g:sale_price>
        <g:mpn><![CDATA[DINDT19005-MARBLE]]></g:mpn>
        <g:identifier_exists><![CDATA[FALSE]]></g:identifier_exists>
        <g:color><![CDATA[Natural Marble+Walnut+Champagne Gold]]></g:color>
        <g:additional_image_link><![CDATA[https://www.alhuzaifa.com/wp-content/uploads/2020/05/4-2.jpg]]></g:additional_image_link>
        <g:additional_image_link><![CDATA[https://www.alhuzaifa.com/wp-content/uploads/2020/05/5-3.jpg]]></g:additional_image_link></item><item>
        <g:id>3325</g:id>
        <title><![CDATA[CATALEYA SIDE BOARD MARBLE]]></title>
        <description><![CDATA[TOP IN VICTORIA NATURAL MARBLE.

CABINET IN MDF+WALNUT VEENER .

LEG:STAINLESS STEEL IN CHAMPAGNE GOLD.]]></description>
        <link><![CDATA[https://www.alhuzaifa.com/shop/cataleya-side-board-marble/]]></link>
        <g:product_type><![CDATA[Furniture > Chair Accessories]]></g:product_type>
        <g:google_product_category><![CDATA[Furniture > Chair Accessories]]></g:google_product_category>
        <g:image_link><![CDATA[https://www.alhuzaifa.com/wp-content/uploads/2020/05/3-2.jpg]]></g:image_link>
        <g:condition>New</g:condition>
        <g:availability>in stock</g:availability>
        <g:price>11350.00 AED</g:price>
        <g:sale_price>8510.00 AED</g:sale_price>
        <g:mpn><![CDATA[DINSB19005]]></g:mpn>
        <g:identifier_exists><![CDATA[FALSE]]></g:identifier_exists>
        <g:color><![CDATA[WALNUT+CHAMPAGNE GOLD.]]></g:color>
        <g:additional_image_link><![CDATA[https://www.alhuzaifa.com/wp-content/uploads/2020/05/2-3.jpg]]></g:additional_image_link></item><item>
        <g:id>3328</g:id>
        <g:item_group_id>3327</g:item_group_id>
        <title><![CDATA[CHIARA ROUND DINING TABLE]]></title>
        <description><![CDATA[TOP IN MDF SMOKED OAK VENEER.

BASE POWDER COATED STAINLESS STEEL IN MATT BLACK.]]></description>
        <link><![CDATA[https://www.alhuzaifa.com/shop/chiara-round-dining-table/]]></link>
        <g:product_type><![CDATA[Furniture > Chair Accessories]]></g:product_type>
        <g:google_product_category><![CDATA[Furniture > Chair Accessories]]></g:google_product_category>
        <g:image_link><![CDATA[https://www.alhuzaifa.com/wp-content/uploads/2020/05/1000-x-700-3.jpg]]></g:image_link>
        <g:condition>New</g:condition>
        <g:availability>in stock</g:availability>
        <g:price>6910.00 AED</g:price>
        <g:sale_price>5180.00 AED</g:sale_price>
        <g:mpn><![CDATA[DINCW30004-1500RT]]></g:mpn>
        <g:identifier_exists><![CDATA[FALSE]]></g:identifier_exists>
        <g:color><![CDATA[Smoke Oak + Black]]></g:color></item><item>
        <g:id>3329</g:id>
        <g:item_group_id>3327</g:item_group_id>
        <title><![CDATA[CHIARA ROUND DINING TABLE]]></title>
        <description><![CDATA[TOP IN MDF SMOKED OAK VENEER.

BASE POWDER COATED STAINLESS STEEL IN MATT BLACK.]]></description>
        <link><![CDATA[https://www.alhuzaifa.com/shop/chiara-round-dining-table/]]></link>
        <g:product_type><![CDATA[Furniture > Chair Accessories]]></g:product_type>
        <g:google_product_category><![CDATA[Furniture > Chair Accessories]]></g:google_product_category>
        <g:image_link><![CDATA[https://www.alhuzaifa.com/wp-content/uploads/2020/05/1000-x-700-3.jpg]]></g:image_link>
        <g:condition>New</g:condition>
        <g:availability>in stock</g:availability>
        <g:price>6910.00 AED</g:price>
        <g:sale_price>5180.00 AED</g:sale_price>
        <g:mpn><![CDATA[DINCW30004-REV]]></g:mpn>
        <g:identifier_exists><![CDATA[FALSE]]></g:identifier_exists>
        <g:color><![CDATA[Smoke Oak + Black]]></g:color></item><item>
        <g:id>3336</g:id>
        <title><![CDATA[EPPIE DIING TABLE]]></title>
        <description><![CDATA[Plywood with Veneer top in Espresso Oak
304 Stainless Steel Brushed Yellow Gold.]]></description>
        <link><![CDATA[https://www.alhuzaifa.com/shop/eppie-diing-table/]]></link>
        <g:product_type><![CDATA[Furniture > Chair Accessories]]></g:product_type>
        <g:google_product_category><![CDATA[Furniture > Chair Accessories]]></g:google_product_category>
        <g:image_link><![CDATA[https://www.alhuzaifa.com/wp-content/uploads/2020/05/al-huzafia-july-616760-1.jpg]]></g:image_link>
        <g:condition>New</g:condition>
        <g:availability>in stock</g:availability>
        <g:price>9400.00 AED</g:price>
        <g:sale_price>4980.00 AED</g:sale_price>
        <g:mpn><![CDATA[DINDT2162]]></g:mpn>
        <g:identifier_exists><![CDATA[FALSE]]></g:identifier_exists>
        <g:color><![CDATA[Espresso Oak+Yellow gold]]></g:color>
        <g:additional_image_link><![CDATA[https://www.alhuzaifa.com/wp-content/uploads/2020/05/al-huzafia-july-616774-1-scaled.jpg]]></g:additional_image_link>
        <g:additional_image_link><![CDATA[https://www.alhuzaifa.com/wp-content/uploads/2020/05/al-huzafia-july-616775-1-scaled.jpg]]></g:additional_image_link>
        <g:additional_image_link><![CDATA[https://www.alhuzaifa.com/wp-content/uploads/2020/05/al-huzafia-july-616779-1-scaled.jpg]]></g:additional_image_link></item><item>
        <g:id>3338</g:id>
        <title><![CDATA[HOWARD DINING CHAIR]]></title>
        <description><![CDATA[INNER FRAME in PLYWOOD .

LEG IN AMERICAN ASH WOOD STAINED IN WALNUT.

FULLY UPHOLSTERED IN PVC.]]></description>
        <link><![CDATA[https://www.alhuzaifa.com/shop/howard-dining-chair/]]></link>
        <g:product_type><![CDATA[Furniture > Chair Accessories]]></g:product_type>
        <g:google_product_category><![CDATA[Furniture > Chair Accessories]]></g:google_product_category>
        <g:image_link><![CDATA[https://www.alhuzaifa.com/wp-content/uploads/2020/05/36-2.jpg]]></g:image_link>
        <g:condition>New</g:condition>
        <g:availability>in stock</g:availability>
        <g:price>870.00 AED</g:price>
        <g:sale_price>650.00 AED</g:sale_price>
        <g:mpn><![CDATA[DINCH-16297]]></g:mpn>
        <g:identifier_exists><![CDATA[FALSE]]></g:identifier_exists>
        <g:color><![CDATA[Beige]]></g:color>
        <g:additional_image_link><![CDATA[https://www.alhuzaifa.com/wp-content/uploads/2020/05/32-1-1.jpg]]></g:additional_image_link>
        <g:additional_image_link><![CDATA[https://www.alhuzaifa.com/wp-content/uploads/2020/05/35-2.jpg]]></g:additional_image_link></item><item>
        <g:id>3346</g:id>
        <title><![CDATA[HYADD DINING CHAIR]]></title>
        <description><![CDATA[RUBBERWOOD STAINED IN STILO WALNUT.
UPHOLSTERED IN FABRIC]]></description>
        <link><![CDATA[https://www.alhuzaifa.com/shop/hyadd-dining-chair/]]></link>
        <g:product_type><![CDATA[Furniture > Chair Accessories]]></g:product_type>
        <g:google_product_category><![CDATA[Furniture > Chair Accessories]]></g:google_product_category>
        <g:image_link><![CDATA[https://www.alhuzaifa.com/wp-content/uploads/2020/05/HYADD-STYLO-WALNUT-5.jpg]]></g:image_link>
        <g:condition>New</g:condition>
        <g:availability>in stock</g:availability>
        <g:price>455.00 AED</g:price>
        <g:sale_price>340.00 AED</g:sale_price>
        <g:mpn><![CDATA[DINHYADD-CHAIR]]></g:mpn>
        <g:identifier_exists><![CDATA[FALSE]]></g:identifier_exists>
        <g:color><![CDATA[STILO WALNUT]]></g:color>
        <g:additional_image_link><![CDATA[https://www.alhuzaifa.com/wp-content/uploads/2020/05/HYADD-STYLO-WALNUT-4.jpg]]></g:additional_image_link>
        <g:additional_image_link><![CDATA[https://www.alhuzaifa.com/wp-content/uploads/2020/05/HYADD-STYLO-WALNUT-6.jpg]]></g:additional_image_link></item><item>
        <g:id>3350</g:id>
        <g:item_group_id>3348</g:item_group_id>
        <title><![CDATA[ICON DINING CHAIR]]></title>
        <description><![CDATA[STAINLESS STEEL 304# IN YELLOW COPPER

FULLY UPHOLSTERED IN FABRIC]]></description>
        <link><![CDATA[https://www.alhuzaifa.com/shop/icon-dining-chair/]]></link>
        <g:product_type><![CDATA[Furniture > Chair Accessories]]></g:product_type>
        <g:google_product_category><![CDATA[Furniture > Chair Accessories]]></g:google_product_category>
        <g:image_link><![CDATA[https://www.alhuzaifa.com/wp-content/uploads/2020/05/19-1-1.jpg]]></g:image_link>
        <g:condition>New</g:condition>
        <g:availability>in stock</g:availability>
        <g:price>1550.00 AED</g:price>
        <g:sale_price>1160.00 AED</g:sale_price>
        <g:mpn><![CDATA[DINDC19001-G2]]></g:mpn>
        <g:identifier_exists><![CDATA[FALSE]]></g:identifier_exists>
        <g:color><![CDATA[Beige]]></g:color></item><item>
        <g:id>3349</g:id>
        <g:item_group_id>3348</g:item_group_id>
        <title><![CDATA[ICON DINING CHAIR]]></title>
        <description><![CDATA[STAINLESS STEEL 304# IN YELLOW COPPER

FULLY UPHOLSTERED IN FABRIC]]></description>
        <link><![CDATA[https://www.alhuzaifa.com/shop/icon-dining-chair/]]></link>
        <g:product_type><![CDATA[Furniture > Chair Accessories]]></g:product_type>
        <g:google_product_category><![CDATA[Furniture > Chair Accessories]]></g:google_product_category>
        <g:image_link><![CDATA[https://www.alhuzaifa.com/wp-content/uploads/2020/05/ICON-LIGHT-GREY-YELLOW-COPPER-2.jpg]]></g:image_link>
        <g:condition>New</g:condition>
        <g:availability>in stock</g:availability>
        <g:price>1550.00 AED</g:price>
        <g:sale_price>1160.00 AED</g:sale_price>
        <g:mpn><![CDATA[DINDC19001-G1]]></g:mpn>
        <g:identifier_exists><![CDATA[FALSE]]></g:identifier_exists>
        <g:color><![CDATA[Light Beige]]></g:color></item><item>
        <g:id>3351</g:id>
        <title><![CDATA[IRINA DINING TABLE]]></title>
        <description><![CDATA[LEGS AND BASE FRAME IN BROWN OAK

TOP IN SMOKED OAK VENEER.]]></description>
        <link><![CDATA[https://www.alhuzaifa.com/shop/irina-dining-table/]]></link>
        <g:product_type><![CDATA[Furniture > Chair Accessories]]></g:product_type>
        <g:google_product_category><![CDATA[Furniture > Chair Accessories]]></g:google_product_category>
        <g:image_link><![CDATA[https://www.alhuzaifa.com/wp-content/uploads/2020/05/3I2A1450.jpg]]></g:image_link>
        <g:condition>New</g:condition>
        <g:availability>in stock</g:availability>
        <g:price>9420.00 AED</g:price>
        <g:sale_price>3768.00 AED</g:sale_price>
        <g:mpn><![CDATA[DINT3201-2]]></g:mpn>
        <g:identifier_exists><![CDATA[FALSE]]></g:identifier_exists>
        <g:color><![CDATA[Smoked Walnut]]></g:color></item><item>
        <g:id>3355</g:id>
        <g:item_group_id>3353</g:item_group_id>
        <title><![CDATA[JARED DINING CHAIR]]></title>
        <description><![CDATA[High Density PU Sponge
Hard Chinese Pine and Plywood
304# Stainless Steel IN ANTIQUE BRASS
FULLY UPHOLSTERED IN FABRIC]]></description>
        <link><![CDATA[https://www.alhuzaifa.com/shop/jared-dining-chair/]]></link>
        <g:product_type><![CDATA[Furniture > Chair Accessories]]></g:product_type>
        <g:google_product_category><![CDATA[Furniture > Chair Accessories]]></g:google_product_category>
        <g:image_link><![CDATA[https://www.alhuzaifa.com/wp-content/uploads/2020/05/JARED-BRUSHED-YELLOW-GOLD-RUBINO-TAUPE-2.jpg]]></g:image_link>
        <g:condition>New</g:condition>
        <g:availability>in stock</g:availability>
        <g:price>2020.00 AED</g:price>
        <g:sale_price>1515.00 AED</g:sale_price>
        <g:mpn><![CDATA[SSDC2347-G1]]></g:mpn>
        <g:identifier_exists><![CDATA[FALSE]]></g:identifier_exists>
        <g:color><![CDATA[Rubino Taupe + Brushed Yellow Gold]]></g:color></item><item>
        <g:id>3356</g:id>
        <g:item_group_id>3353</g:item_group_id>
        <title><![CDATA[JARED DINING CHAIR]]></title>
        <description><![CDATA[High Density PU Sponge
Hard Chinese Pine and Plywood
304# Stainless Steel IN ANTIQUE BRASS
FULLY UPHOLSTERED IN FABRIC]]></description>
        <link><![CDATA[https://www.alhuzaifa.com/shop/jared-dining-chair/]]></link>
        <g:product_type><![CDATA[Furniture > Chair Accessories]]></g:product_type>
        <g:google_product_category><![CDATA[Furniture > Chair Accessories]]></g:google_product_category>
        <g:image_link><![CDATA[https://www.alhuzaifa.com/wp-content/uploads/2020/05/30-1.jpg]]></g:image_link>
        <g:condition>New</g:condition>
        <g:availability>in stock</g:availability>
        <g:price>2020.00 AED</g:price>
        <g:sale_price>1515.00 AED</g:sale_price>
        <g:mpn><![CDATA[DINDC2347-G3]]></g:mpn>
        <g:identifier_exists><![CDATA[FALSE]]></g:identifier_exists>
        <g:color><![CDATA[Rubino Taupe + Lux Titanium]]></g:color></item><item>
        <g:id>3354</g:id>
        <g:item_group_id>3353</g:item_group_id>
        <title><![CDATA[JARED DINING CHAIR]]></title>
        <description><![CDATA[High Density PU Sponge
Hard Chinese Pine and Plywood
304# Stainless Steel IN ANTIQUE BRASS
FULLY UPHOLSTERED IN FABRIC]]></description>
        <link><![CDATA[https://www.alhuzaifa.com/shop/jared-dining-chair/]]></link>
        <g:product_type><![CDATA[Furniture > Chair Accessories]]></g:product_type>
        <g:google_product_category><![CDATA[Furniture > Chair Accessories]]></g:google_product_category>
        <g:image_link><![CDATA[https://www.alhuzaifa.com/wp-content/uploads/2020/05/30-1.jpg]]></g:image_link>
        <g:condition>New</g:condition>
        <g:availability>in stock</g:availability>
        <g:price>2020.00 AED</g:price>
        <g:sale_price>1515.00 AED</g:sale_price>
        <g:mpn><![CDATA[DINDC2347-G2]]></g:mpn>
        <g:identifier_exists><![CDATA[FALSE]]></g:identifier_exists>
        <g:color><![CDATA[Rubino Taupe + Antique Brass]]></g:color></item><item>
        <g:id>3357</g:id>
        <title><![CDATA[JERSEY DINING TABLE 3M]]></title>
        <description><![CDATA[TOP IN OAK VENEER STAINED IN BROWN OAK

STAINLESS STEEL 304# BASE FRAME IN BRUSHED BRASS.]]></description>
        <link><![CDATA[https://www.alhuzaifa.com/shop/jersey-dining-table/]]></link>
        <g:product_type><![CDATA[Furniture > Chair Accessories]]></g:product_type>
        <g:google_product_category><![CDATA[Furniture > Chair Accessories]]></g:google_product_category>
        <g:image_link><![CDATA[https://www.alhuzaifa.com/wp-content/uploads/2020/05/5-5.jpg]]></g:image_link>
        <g:condition>New</g:condition>
        <g:availability>in stock</g:availability>
        <g:price>9960.00 AED</g:price>
        <g:sale_price>7470.00 AED</g:sale_price>
        <g:mpn><![CDATA[DINT17052S-008-1111]]></g:mpn>
        <g:identifier_exists><![CDATA[FALSE]]></g:identifier_exists>
        <g:color><![CDATA[Brown Oak]]></g:color>
        <g:additional_image_link><![CDATA[https://www.alhuzaifa.com/wp-content/uploads/2020/05/JERSY-2.jpg]]></g:additional_image_link></item><item>
        <g:id>3363</g:id>
        <title><![CDATA[KATHERINE DINING TABLE NEW]]></title>
        <description><![CDATA[FRAME IN SOLID WOOD ALL COATED WITH DARK WALNUT VENEER.
METAL PARTS IN 304 GRADE STAINLESS STEEL IN BRUSHED GOLD.]]></description>
        <link><![CDATA[https://www.alhuzaifa.com/shop/katherine-dining-table-new/]]></link>
        <g:product_type><![CDATA[Furniture > Chair Accessories]]></g:product_type>
        <g:google_product_category><![CDATA[Furniture > Chair Accessories]]></g:google_product_category>
        <g:image_link><![CDATA[https://www.alhuzaifa.com/wp-content/uploads/2020/05/web-banner-1000X700-5.jpg]]></g:image_link>
        <g:condition>New</g:condition>
        <g:availability>in stock</g:availability>
        <g:price>18260.00 AED</g:price>
        <g:sale_price>13695.00 AED</g:sale_price>
        <g:mpn><![CDATA[DINTZ031D-TABLE]]></g:mpn>
        <g:identifier_exists><![CDATA[FALSE]]></g:identifier_exists>
        <g:color><![CDATA[Dark Walnut]]></g:color>
        <g:additional_image_link><![CDATA[https://www.alhuzaifa.com/wp-content/uploads/2020/05/Katherine3.jpg]]></g:additional_image_link>
        <g:additional_image_link><![CDATA[https://www.alhuzaifa.com/wp-content/uploads/2020/05/Katherine2.jpg]]></g:additional_image_link></item><item>
        <g:id>3371</g:id>
        <g:item_group_id>3369</g:item_group_id>
        <title><![CDATA[KEEGAN DINING CHAIR]]></title>
        <description><![CDATA[INNER FRAME IN PLYWOOD.

LEGS IN AMERICAN ASHWOOD IN WALNUT.

FULLY UPHOLSTERED IN PVC.]]></description>
        <link><![CDATA[https://www.alhuzaifa.com/shop/keegan-dining-chair/]]></link>
        <g:product_type><![CDATA[Furniture > Chair Accessories]]></g:product_type>
        <g:google_product_category><![CDATA[Furniture > Chair Accessories]]></g:google_product_category>
        <g:image_link><![CDATA[https://www.alhuzaifa.com/wp-content/uploads/2020/05/27-3-1.jpg]]></g:image_link>
        <g:condition>New</g:condition>
        <g:availability>in stock</g:availability>
        <g:price>1250.00 AED</g:price>
        <g:sale_price>935.00 AED</g:sale_price>
        <g:mpn><![CDATA[DINCH18038-8040]]></g:mpn>
        <g:identifier_exists><![CDATA[FALSE]]></g:identifier_exists>
        <g:color><![CDATA[Brown]]></g:color></item><item>
        <g:id>3370</g:id>
        <g:item_group_id>3369</g:item_group_id>
        <title><![CDATA[KEEGAN DINING CHAIR]]></title>
        <description><![CDATA[INNER FRAME IN PLYWOOD.

LEGS IN AMERICAN ASHWOOD IN WALNUT.

FULLY UPHOLSTERED IN PVC.]]></description>
        <link><![CDATA[https://www.alhuzaifa.com/shop/keegan-dining-chair/]]></link>
        <g:product_type><![CDATA[Furniture > Chair Accessories]]></g:product_type>
        <g:google_product_category><![CDATA[Furniture > Chair Accessories]]></g:google_product_category>
        <g:image_link><![CDATA[https://www.alhuzaifa.com/wp-content/uploads/2020/05/KEEGAN-WALNUT-BEIGE-1.jpg]]></g:image_link>
        <g:condition>New</g:condition>
        <g:availability>in stock</g:availability>
        <g:price>1250.00 AED</g:price>
        <g:sale_price>935.00 AED</g:sale_price>
        <g:mpn><![CDATA[DINCH-18038-8037]]></g:mpn>
        <g:identifier_exists><![CDATA[FALSE]]></g:identifier_exists>
        <g:color><![CDATA[Beige]]></g:color></item><item>
        <g:id>3372</g:id>
        <title><![CDATA[KEEGAN DINING TABLE GLASS TOP]]></title>
        <description><![CDATA[TOP IN 15MM TEMPERED GLASS

BASE LEGS IN AMERICAN ASHWOOD IN WALNUT

STAINLESS STEEL BASE IN GUN METAL]]></description>
        <link><![CDATA[https://www.alhuzaifa.com/shop/keegan-dining-table-glass-top/]]></link>
        <g:product_type><![CDATA[Furniture > Chair Accessories]]></g:product_type>
        <g:google_product_category><![CDATA[Furniture > Chair Accessories]]></g:google_product_category>
        <g:image_link><![CDATA[https://www.alhuzaifa.com/wp-content/uploads/2020/05/keegan-dining.jpg]]></g:image_link>
        <g:condition>New</g:condition>
        <g:availability>in stock</g:availability>
        <g:price>17000.00 AED</g:price>
        <g:sale_price>12750.00 AED</g:sale_price>
        <g:mpn><![CDATA[DINDT-19048-2-GLAS]]></g:mpn>
        <g:identifier_exists><![CDATA[FALSE]]></g:identifier_exists>
        <g:color><![CDATA[Glass + Walnut]]></g:color></item><item>
        <g:id>3374</g:id>
        <title><![CDATA[KEEGAN CONSOLE MARBLE]]></title>
        <description><![CDATA[TOP IN ROMANTIC NATURAL MARBLE

CABINET IN MDF + WALNUT VEENER

LEG:STAINLESS STEEL IN GUN METAL]]></description>
        <link><![CDATA[https://www.alhuzaifa.com/shop/keegan-side-board-marble/]]></link>
        <g:product_type><![CDATA[Furniture > Chair Accessories]]></g:product_type>
        <g:google_product_category><![CDATA[Furniture > Chair Accessories]]></g:google_product_category>
        <g:image_link><![CDATA[https://www.alhuzaifa.com/wp-content/uploads/2020/06/4.jpg]]></g:image_link>
        <g:condition>New</g:condition>
        <g:availability>in stock</g:availability>
        <g:price>6840.00 AED</g:price>
        <g:sale_price>5130.00 AED</g:sale_price>
        <g:mpn><![CDATA[CON19048]]></g:mpn>
        <g:identifier_exists><![CDATA[FALSE]]></g:identifier_exists>
        <g:color><![CDATA[WALNUT]]></g:color></item><item>
        <g:id>3378</g:id>
        <g:item_group_id>3376</g:item_group_id>
        <title><![CDATA[KELVIN DINING CHAIR]]></title>
        <description><![CDATA[High Density PU Sponge Hard Chinese Pine and Plywood
304# Stainless Steel IN Antique Bronze
Fully upholstered in Fabric]]></description>
        <link><![CDATA[https://www.alhuzaifa.com/shop/kelvin-dining-chair/]]></link>
        <g:product_type><![CDATA[Furniture > Chair Accessories]]></g:product_type>
        <g:google_product_category><![CDATA[Furniture > Chair Accessories]]></g:google_product_category>
        <g:image_link><![CDATA[https://www.alhuzaifa.com/wp-content/uploads/2020/05/9-2-1.jpg]]></g:image_link>
        <g:condition>New</g:condition>
        <g:availability>in stock</g:availability>
        <g:price>2440.00 AED</g:price>
        <g:sale_price>1830.00 AED</g:sale_price>
        <g:mpn><![CDATA[DINDC2348-G2]]></g:mpn>
        <g:identifier_exists><![CDATA[FALSE]]></g:identifier_exists>
        <g:color><![CDATA[Polo Muslin Antique Brass Yellow]]></g:color></item><item>
        <g:id>3377</g:id>
        <g:item_group_id>3376</g:item_group_id>
        <title><![CDATA[KELVIN DINING CHAIR]]></title>
        <description><![CDATA[High Density PU Sponge Hard Chinese Pine and Plywood
304# Stainless Steel IN Antique Bronze
Fully upholstered in Fabric]]></description>
        <link><![CDATA[https://www.alhuzaifa.com/shop/kelvin-dining-chair/]]></link>
        <g:product_type><![CDATA[Furniture > Chair Accessories]]></g:product_type>
        <g:google_product_category><![CDATA[Furniture > Chair Accessories]]></g:google_product_category>
        <g:image_link><![CDATA[https://www.alhuzaifa.com/wp-content/uploads/2020/05/KELVIN-POLO-STONE-3.jpg]]></g:image_link>
        <g:condition>New</g:condition>
        <g:availability>in stock</g:availability>
        <g:price>2440.00 AED</g:price>
        <g:sale_price>1830.00 AED</g:sale_price>
        <g:mpn><![CDATA[DINDC2348-G1]]></g:mpn>
        <g:identifier_exists><![CDATA[FALSE]]></g:identifier_exists>
        <g:color><![CDATA[Polo Club Stone Antique Bronze]]></g:color></item><item>
        <g:id>3387</g:id>
        <g:item_group_id>3385</g:item_group_id>
        <title><![CDATA[MIA DINING CHAIR]]></title>
        <description><![CDATA[304# GRADE STAINLESS STEEL IN BRUSHED GOLD
UPHOLSTERED WITH HIGH QUALITY PU.]]></description>
        <link><![CDATA[https://www.alhuzaifa.com/shop/mia-dining-chair/]]></link>
        <g:product_type><![CDATA[Furniture > Chair Accessories]]></g:product_type>
        <g:google_product_category><![CDATA[Furniture > Chair Accessories]]></g:google_product_category>
        <g:image_link><![CDATA[https://www.alhuzaifa.com/wp-content/uploads/2020/05/1000-x-700-DC-8.jpg]]></g:image_link>
        <g:condition>New</g:condition>
        <g:availability>in stock</g:availability>
        <g:price>3535.00 AED</g:price>
        <g:sale_price>2650.00 AED</g:sale_price>
        <g:mpn><![CDATA[DINYZ133D-KF2808-8]]></g:mpn>
        <g:identifier_exists><![CDATA[FALSE]]></g:identifier_exists>
        <g:color><![CDATA[White]]></g:color></item><item>
        <g:id>3386</g:id>
        <g:item_group_id>3385</g:item_group_id>
        <title><![CDATA[MIA DINING CHAIR]]></title>
        <description><![CDATA[304# GRADE STAINLESS STEEL IN BRUSHED GOLD
UPHOLSTERED WITH HIGH QUALITY PU.]]></description>
        <link><![CDATA[https://www.alhuzaifa.com/shop/mia-dining-chair/]]></link>
        <g:product_type><![CDATA[Furniture > Chair Accessories]]></g:product_type>
        <g:google_product_category><![CDATA[Furniture > Chair Accessories]]></g:google_product_category>
        <g:image_link><![CDATA[https://www.alhuzaifa.com/wp-content/uploads/2020/05/1000-x-700-DC-7.jpg]]></g:image_link>
        <g:condition>New</g:condition>
        <g:availability>in stock</g:availability>
        <g:price>3535.00 AED</g:price>
        <g:sale_price>2650.00 AED</g:sale_price>
        <g:mpn><![CDATA[DINYZ133D-KF2807-2]]></g:mpn>
        <g:identifier_exists><![CDATA[FALSE]]></g:identifier_exists>
        <g:color><![CDATA[Grey]]></g:color></item><item>
        <g:id>3389</g:id>
        <g:item_group_id>3388</g:item_group_id>
        <title><![CDATA[MICHELA DINING CHAIR]]></title>
        <description><![CDATA[INNER FRAME IN PLYWOOD .

LEG AND ARMS IN AMERICAN ASH WOOD IN WALNUT.

FULLY UPHOLSTERED IN PVC QUILTED DESIGN IN OUTER BACK.]]></description>
        <link><![CDATA[https://www.alhuzaifa.com/shop/michela-dining-chair/]]></link>
        <g:product_type><![CDATA[Furniture > Chair Accessories]]></g:product_type>
        <g:google_product_category><![CDATA[Furniture > Chair Accessories]]></g:google_product_category>
        <g:image_link><![CDATA[https://www.alhuzaifa.com/wp-content/uploads/2020/05/10-4.jpg]]></g:image_link>
        <g:condition>New</g:condition>
        <g:availability>in stock</g:availability>
        <g:price>1100.00 AED</g:price>
        <g:sale_price>825.00 AED</g:sale_price>
        <g:mpn><![CDATA[DINCH17019-8027-NEW]]></g:mpn>
        <g:identifier_exists><![CDATA[FALSE]]></g:identifier_exists>
        <g:color><![CDATA[Brown]]></g:color></item><item>
        <g:id>3392</g:id>
        <title><![CDATA[MICHELA DINING TABLE]]></title>
        <description><![CDATA[TOP IN ROSE GOLD NATURAL MARBLE

LEG IN AMERICAN ASH WOOD IN WALNUT.

STAINLESS STEEL IN CHAMPAGNE GOLD]]></description>
        <link><![CDATA[https://www.alhuzaifa.com/shop/michela-dining-table/]]></link>
        <g:product_type><![CDATA[Furniture > Chair Accessories]]></g:product_type>
        <g:google_product_category><![CDATA[Furniture > Chair Accessories]]></g:google_product_category>
        <g:image_link><![CDATA[https://www.alhuzaifa.com/wp-content/uploads/2020/05/Table.jpg]]></g:image_link>
        <g:condition>New</g:condition>
        <g:availability>in stock</g:availability>
        <g:price>14500.00 AED</g:price>
        <g:sale_price>10875.00 AED</g:sale_price>
        <g:mpn><![CDATA[DINDT18017-MARBLE]]></g:mpn>
        <g:identifier_exists><![CDATA[FALSE]]></g:identifier_exists>
        <g:color><![CDATA[WALNUT]]></g:color>
        <g:additional_image_link><![CDATA[https://www.alhuzaifa.com/wp-content/uploads/2020/05/1000-x-700-8.jpg]]></g:additional_image_link>
        <g:additional_image_link><![CDATA[https://www.alhuzaifa.com/wp-content/uploads/2020/05/Dinning.jpg]]></g:additional_image_link></item><item>
        <g:id>3394</g:id>
        <title><![CDATA[MIKAEL SIDE CHAIR]]></title>
        <description><![CDATA[INNER FRAME IN PLYWOOD

LEG IN AMERICAN ASH WOOD INN WALNUT

UPHOLSTERED IN FULL PVC]]></description>
        <link><![CDATA[https://www.alhuzaifa.com/shop/mikael-side-chair/]]></link>
        <g:product_type><![CDATA[Furniture > Chair Accessories]]></g:product_type>
        <g:google_product_category><![CDATA[Furniture > Chair Accessories]]></g:google_product_category>
        <g:image_link><![CDATA[https://www.alhuzaifa.com/wp-content/uploads/2020/05/20-2.jpg]]></g:image_link>
        <g:condition>New</g:condition>
        <g:availability>in stock</g:availability>
        <g:price>1025.00 AED</g:price>
        <g:sale_price>765.00 AED</g:sale_price>
        <g:mpn><![CDATA[DINCH18038-8036S]]></g:mpn>
        <g:identifier_exists><![CDATA[FALSE]]></g:identifier_exists>
        <g:color><![CDATA[Grey]]></g:color>
        <g:additional_image_link><![CDATA[https://www.alhuzaifa.com/wp-content/uploads/2020/05/17-1.jpg]]></g:additional_image_link>
        <g:additional_image_link><![CDATA[https://www.alhuzaifa.com/wp-content/uploads/2020/05/18-1.jpg]]></g:additional_image_link>
        <g:additional_image_link><![CDATA[https://www.alhuzaifa.com/wp-content/uploads/2020/05/21-3.jpg]]></g:additional_image_link>
        <g:additional_image_link><![CDATA[https://www.alhuzaifa.com/wp-content/uploads/2020/05/22.jpg]]></g:additional_image_link></item><item>
        <g:id>3396</g:id>
        <title><![CDATA[MIRREN DINING TABLE]]></title>
        <description><![CDATA[304# Stainless Steel IN LUX MOON DUST
GREY Porcelain TOP]]></description>
        <link><![CDATA[https://www.alhuzaifa.com/shop/mirren-dining-table/]]></link>
        <g:product_type><![CDATA[Furniture > Chair Accessories]]></g:product_type>
        <g:google_product_category><![CDATA[Furniture > Chair Accessories]]></g:google_product_category>
        <g:image_link><![CDATA[https://www.alhuzaifa.com/wp-content/uploads/2020/05/mirren-dining.jpg]]></g:image_link>
        <g:condition>New</g:condition>
        <g:availability>in stock</g:availability>
        <g:price>9760.00 AED</g:price>
        <g:sale_price>7320.00 AED</g:sale_price>
        <g:mpn><![CDATA[DINDT2359-REC]]></g:mpn>
        <g:identifier_exists><![CDATA[FALSE]]></g:identifier_exists>
        <g:color><![CDATA[Grey]]></g:color>
        <g:additional_image_link><![CDATA[https://www.alhuzaifa.com/wp-content/uploads/2020/05/3I2A5316-1.jpg]]></g:additional_image_link></item><item>
        <g:id>3398</g:id>
        <title><![CDATA[MIRREN SIDE BOARD]]></title>
        <description><![CDATA[304# Stainless Steel IN LUX MOON DUST

ALL WOODEN PARTS IN Smoke Oak

GREY PORCELAIN TOP]]></description>
        <link><![CDATA[https://www.alhuzaifa.com/shop/mirren-side-board/]]></link>
        <g:product_type><![CDATA[Furniture > Chair Accessories]]></g:product_type>
        <g:google_product_category><![CDATA[Furniture > Chair Accessories]]></g:google_product_category>
        <g:image_link><![CDATA[https://www.alhuzaifa.com/wp-content/uploads/2020/05/3I2A5315-1.jpg]]></g:image_link>
        <g:condition>New</g:condition>
        <g:availability>in stock</g:availability>
        <g:price>11650.00 AED</g:price>
        <g:sale_price>8735.00 AED</g:sale_price>
        <g:mpn><![CDATA[DINBD2359]]></g:mpn>
        <g:identifier_exists><![CDATA[FALSE]]></g:identifier_exists>
        <g:color><![CDATA[Smoked Oak]]></g:color></item><item>
        <g:id>3407</g:id>
        <title><![CDATA[NORTON DINING CHAIR]]></title>
        <description><![CDATA[Catalpa wood IN WALNUT

FULLY UPHOLSTERED IN BONDED LEATHER]]></description>
        <link><![CDATA[https://www.alhuzaifa.com/shop/norton-dining-chair/]]></link>
        <g:product_type><![CDATA[Furniture > Chair Accessories]]></g:product_type>
        <g:google_product_category><![CDATA[Furniture > Chair Accessories]]></g:google_product_category>
        <g:image_link><![CDATA[https://www.alhuzaifa.com/wp-content/uploads/2020/05/29-2.jpg]]></g:image_link>
        <g:condition>New</g:condition>
        <g:availability>in stock</g:availability>
        <g:price>1185.00 AED</g:price>
        <g:sale_price>825.00 AED</g:sale_price>
        <g:mpn><![CDATA[DINE758Y(CHR)-WAL]]></g:mpn>
        <g:identifier_exists><![CDATA[FALSE]]></g:identifier_exists>
        <g:color><![CDATA[Orange + Walnut]]></g:color>
        <g:additional_image_link><![CDATA[https://www.alhuzaifa.com/wp-content/uploads/2020/05/30-1-1.jpg]]></g:additional_image_link>
        <g:additional_image_link><![CDATA[https://www.alhuzaifa.com/wp-content/uploads/2020/05/31-1-1.jpg]]></g:additional_image_link></item><item>
        <g:id>3411</g:id>
        <g:item_group_id>3409</g:item_group_id>
        <title><![CDATA[NOVANE DINING CHAIR]]></title>
        <description><![CDATA[Catalpa wood IN BROWN OAK

FULLY UPHOLSTERED IN BONDED LEATHER.]]></description>
        <link><![CDATA[https://www.alhuzaifa.com/shop/novane-dining-chair/]]></link>
        <g:product_type><![CDATA[Furniture > Chair Accessories]]></g:product_type>
        <g:google_product_category><![CDATA[Furniture > Chair Accessories]]></g:google_product_category>
        <g:image_link><![CDATA[https://www.alhuzaifa.com/wp-content/uploads/2020/05/38-1.jpg]]></g:image_link>
        <g:condition>New</g:condition>
        <g:availability>in stock</g:availability>
        <g:price>1800.00 AED</g:price>
        <g:sale_price>575.00 AED</g:sale_price>
        <g:mpn><![CDATA[DINE760Y-WALNUTV07]]></g:mpn>
        <g:identifier_exists><![CDATA[FALSE]]></g:identifier_exists>
        <g:color><![CDATA[Grey + Walnut]]></g:color></item><item>
        <g:id>3410</g:id>
        <g:item_group_id>3409</g:item_group_id>
        <title><![CDATA[NOVANE DINING CHAIR]]></title>
        <description><![CDATA[Catalpa wood IN BROWN OAK

FULLY UPHOLSTERED IN BONDED LEATHER.]]></description>
        <link><![CDATA[https://www.alhuzaifa.com/shop/novane-dining-chair/]]></link>
        <g:product_type><![CDATA[Furniture > Chair Accessories]]></g:product_type>
        <g:google_product_category><![CDATA[Furniture > Chair Accessories]]></g:google_product_category>
        <g:image_link><![CDATA[https://www.alhuzaifa.com/wp-content/uploads/2020/05/NOVANE-BROWN-OAK-GREY-2.jpg]]></g:image_link>
        <g:condition>New</g:condition>
        <g:availability>in stock</g:availability>
        <g:price>1800.00 AED</g:price>
        <g:sale_price>575.00 AED</g:sale_price>
        <g:mpn><![CDATA[DINE760Y-BRWOAKF22]]></g:mpn>
        <g:identifier_exists><![CDATA[FALSE]]></g:identifier_exists>
        <g:color><![CDATA[Grey + Brown Oak]]></g:color></item><item>
        <g:id>3414</g:id>
        <g:item_group_id>3412</g:item_group_id>
        <title><![CDATA[ORABELLA DINING CHAIR]]></title>
        <description><![CDATA[LEG IN AMERICAN ASH WOOD IN WALNUT.

OUTER BACK IN PVC AND INNER BAC IN FABRIC.]]></description>
        <link><![CDATA[https://www.alhuzaifa.com/shop/orabella-dining-chair/]]></link>
        <g:product_type><![CDATA[Furniture > Chair Accessories]]></g:product_type>
        <g:google_product_category><![CDATA[Furniture > Chair Accessories]]></g:google_product_category>
        <g:image_link><![CDATA[https://www.alhuzaifa.com/wp-content/uploads/2020/05/ORABELLA-WALNUT-BEIGE-3.jpg]]></g:image_link>
        <g:condition>New</g:condition>
        <g:availability>in stock</g:availability>
        <g:price>1190.00 AED</g:price>
        <g:sale_price>890.00 AED</g:sale_price>
        <g:mpn><![CDATA[DINCH18027-8036S]]></g:mpn>
        <g:identifier_exists><![CDATA[FALSE]]></g:identifier_exists>
        <g:color><![CDATA[Grey]]></g:color></item><item>
        <g:id>3413</g:id>
        <g:item_group_id>3412</g:item_group_id>
        <title><![CDATA[ORABELLA DINING CHAIR]]></title>
        <description><![CDATA[LEG IN AMERICAN ASH WOOD IN WALNUT.

OUTER BACK IN PVC AND INNER BAC IN FABRIC.]]></description>
        <link><![CDATA[https://www.alhuzaifa.com/shop/orabella-dining-chair/]]></link>
        <g:product_type><![CDATA[Furniture > Chair Accessories]]></g:product_type>
        <g:google_product_category><![CDATA[Furniture > Chair Accessories]]></g:google_product_category>
        <g:image_link><![CDATA[https://www.alhuzaifa.com/wp-content/uploads/2020/05/43-1.jpg]]></g:image_link>
        <g:condition>New</g:condition>
        <g:availability>in stock</g:availability>
        <g:price>1190.00 AED</g:price>
        <g:sale_price>890.00 AED</g:sale_price>
        <g:mpn><![CDATA[DINCH18027-8035S]]></g:mpn>
        <g:identifier_exists><![CDATA[FALSE]]></g:identifier_exists>
        <g:color><![CDATA[Light Beige + Walnut]]></g:color></item><item>
        <g:id>3415</g:id>
        <title><![CDATA[PHILIP DINING CHAIR]]></title>
        <description><![CDATA[High Density PU Sponge.
Hard Chinese Pine and Plywood.
304# Stainless Steel IN LUX TITANIUM.

FULLY UPHOLSTERED IN FABRIC]]></description>
        <link><![CDATA[https://www.alhuzaifa.com/shop/philip-dining-chair/]]></link>
        <g:product_type><![CDATA[Furniture > Chair Accessories]]></g:product_type>
        <g:google_product_category><![CDATA[Furniture > Chair Accessories]]></g:google_product_category>
        <g:image_link><![CDATA[https://www.alhuzaifa.com/wp-content/uploads/2020/05/1000-x-700-DC-20.jpg]]></g:image_link>
        <g:condition>New</g:condition>
        <g:availability>in stock</g:availability>
        <g:price>1575.00 AED</g:price>
        <g:sale_price>1180.00 AED</g:sale_price>
        <g:mpn><![CDATA[DINDC2350-KD]]></g:mpn>
        <g:identifier_exists><![CDATA[FALSE]]></g:identifier_exists>
        <g:color><![CDATA[Polo Stone]]></g:color>
        <g:additional_image_link><![CDATA[https://www.alhuzaifa.com/wp-content/uploads/2020/05/1000-x-700-DC-19.jpg]]></g:additional_image_link>
        <g:additional_image_link><![CDATA[https://www.alhuzaifa.com/wp-content/uploads/2020/05/1000-x-700-DC-13.jpg]]></g:additional_image_link>
        <g:additional_image_link><![CDATA[https://www.alhuzaifa.com/wp-content/uploads/2020/05/1000-x-700-DC-11.jpg]]></g:additional_image_link>
        <g:additional_image_link><![CDATA[https://www.alhuzaifa.com/wp-content/uploads/2020/05/1000-x-700-DC-10.jpg]]></g:additional_image_link></item><item>
        <g:id>3419</g:id>
        <g:item_group_id>3417</g:item_group_id>
        <title><![CDATA[REINA DINING TABLE]]></title>
        <description><![CDATA[TOP IN AMAN ROSE NATURAL MARBLE.

LEG IN AMERICAN ASH WOOD IN WALNUT

STAINLESS STEEL IN CHAMPAGNE GOLD.]]></description>
        <link><![CDATA[https://www.alhuzaifa.com/shop/reina-dining-table/]]></link>
        <g:product_type><![CDATA[Furniture > Chair Accessories]]></g:product_type>
        <g:google_product_category><![CDATA[Furniture > Chair Accessories]]></g:google_product_category>
        <g:image_link><![CDATA[https://www.alhuzaifa.com/wp-content/uploads/2020/05/reina-dining.jpg]]></g:image_link>
        <g:condition>New</g:condition>
        <g:availability>in stock</g:availability>
        <g:price>17200.00 AED</g:price>
        <g:sale_price>12900.00 AED</g:sale_price>
        <g:mpn><![CDATA[DT16152-ROSEGLD]]></g:mpn>
        <g:identifier_exists><![CDATA[FALSE]]></g:identifier_exists>
        <g:color><![CDATA[Rose Gold Marble]]></g:color></item><item>
        <g:id>3418</g:id>
        <g:item_group_id>3417</g:item_group_id>
        <title><![CDATA[REINA DINING TABLE]]></title>
        <description><![CDATA[TOP IN AMAN ROSE NATURAL MARBLE.

LEG IN AMERICAN ASH WOOD IN WALNUT

STAINLESS STEEL IN CHAMPAGNE GOLD.]]></description>
        <link><![CDATA[https://www.alhuzaifa.com/shop/reina-dining-table/]]></link>
        <g:product_type><![CDATA[Furniture > Chair Accessories]]></g:product_type>
        <g:google_product_category><![CDATA[Furniture > Chair Accessories]]></g:google_product_category>
        <g:image_link><![CDATA[https://www.alhuzaifa.com/wp-content/uploads/2020/05/REINA-AMAN-ROSE.jpg]]></g:image_link>
        <g:condition>New</g:condition>
        <g:availability>in stock</g:availability>
        <g:price>14900.00 AED</g:price>
        <g:sale_price>11175.00 AED</g:sale_price>
        <g:mpn><![CDATA[DT16152-AMANA ROSE]]></g:mpn>
        <g:identifier_exists><![CDATA[FALSE]]></g:identifier_exists>
        <g:color><![CDATA[Amana Rose Marble]]></g:color></item><item>
        <g:id>3423</g:id>
        <title><![CDATA[ROBERT DINING TABLE]]></title>
        <description><![CDATA[TOP IN ONXY NATURAL MARBLE

LEG IN AMERICAN ASHWOOD

STAINLESS STEEL IN CHAMPAGNE GOLD]]></description>
        <link><![CDATA[https://www.alhuzaifa.com/shop/robert-dining-table/]]></link>
        <g:product_type><![CDATA[Furniture > Chair Accessories]]></g:product_type>
        <g:google_product_category><![CDATA[Furniture > Chair Accessories]]></g:google_product_category>
        <g:image_link><![CDATA[https://www.alhuzaifa.com/wp-content/uploads/2020/05/13.jpg]]></g:image_link>
        <g:condition>New</g:condition>
        <g:availability>in stock</g:availability>
        <g:price>20990.00 AED</g:price>
        <g:sale_price>15740.00 AED</g:sale_price>
        <g:mpn><![CDATA[DT16152]]></g:mpn>
        <g:identifier_exists><![CDATA[FALSE]]></g:identifier_exists>
        <g:color><![CDATA[White Onyx]]></g:color>
        <g:additional_image_link><![CDATA[https://www.alhuzaifa.com/wp-content/uploads/2020/05/12-1.jpg]]></g:additional_image_link>
        <g:additional_image_link><![CDATA[https://www.alhuzaifa.com/wp-content/uploads/2020/05/13-1.jpg]]></g:additional_image_link>
        <g:additional_image_link><![CDATA[https://www.alhuzaifa.com/wp-content/uploads/2020/05/14-1.jpg]]></g:additional_image_link>
        <g:additional_image_link><![CDATA[https://www.alhuzaifa.com/wp-content/uploads/2020/05/15-1.jpg]]></g:additional_image_link></item><item>
        <g:id>3430</g:id>
        <title><![CDATA[SAVINA DININGTABLE]]></title>
        <description><![CDATA[TOP IN AMANA ROSE NATURAL MARBLE.

LEG IN AMERICAN ASHWOOD IN WALNUT.

STAINLESS STEEL IN CHAMPAGNE GOLD.]]></description>
        <link><![CDATA[https://www.alhuzaifa.com/shop/savina-diningtable/]]></link>
        <g:product_type><![CDATA[Furniture > Chair Accessories]]></g:product_type>
        <g:google_product_category><![CDATA[Furniture > Chair Accessories]]></g:google_product_category>
        <g:image_link><![CDATA[https://www.alhuzaifa.com/wp-content/uploads/2020/05/web-banner-7-1000X700.jpg]]></g:image_link>
        <g:condition>New</g:condition>
        <g:availability>in stock</g:availability>
        <g:price>17300.00 AED</g:price>
        <g:sale_price>12975.00 AED</g:sale_price>
        <g:mpn><![CDATA[DINDT18035-MAR-AMAN]]></g:mpn>
        <g:identifier_exists><![CDATA[FALSE]]></g:identifier_exists>
        <g:color><![CDATA[Amana Rose + Walnut]]></g:color>
        <g:additional_image_link><![CDATA[https://www.alhuzaifa.com/wp-content/uploads/2020/05/1000-x-700-10.jpg]]></g:additional_image_link></item><item>
        <g:id>3441</g:id>
        <title><![CDATA[SHAYLA SIDE BOARD]]></title>
        <description><![CDATA[Full cabinet in MDF covered with walnut veneer.

Stainless steel base frame in brass brushed finish.]]></description>
        <link><![CDATA[https://www.alhuzaifa.com/shop/shayla-side-board/]]></link>
        <g:product_type><![CDATA[Furniture > Chair Accessories]]></g:product_type>
        <g:google_product_category><![CDATA[Furniture > Chair Accessories]]></g:google_product_category>
        <g:image_link><![CDATA[https://www.alhuzaifa.com/wp-content/uploads/2020/05/SHAYLA-NEW-GOLD-2.jpg]]></g:image_link>
        <g:condition>New</g:condition>
        <g:availability>in stock</g:availability>
        <g:price>5260.00 AED</g:price>
        <g:sale_price>3945.00 AED</g:sale_price>
        <g:mpn><![CDATA[DINSB16003-NEW]]></g:mpn>
        <g:identifier_exists><![CDATA[FALSE]]></g:identifier_exists>
        <g:color><![CDATA[Walnut + Brass Brushed]]></g:color>
        <g:additional_image_link><![CDATA[https://www.alhuzaifa.com/wp-content/uploads/2020/05/SHAYLA-NEW-GOLD-1.jpg]]></g:additional_image_link>
        <g:additional_image_link><![CDATA[https://www.alhuzaifa.com/wp-content/uploads/2020/05/SHAYLA-NEW-GOLD-3.jpg]]></g:additional_image_link></item><item>
        <g:id>3443</g:id>
        <title><![CDATA[TEDDY DINING CHAIR]]></title>
        <description><![CDATA[FULLY UPHOLSTERED IN PVC.

SWIVEL FUNCTION IN CHAIR

STAINLESS STEEL IN BRASS BRUSHED FINISH.]]></description>
        <link><![CDATA[https://www.alhuzaifa.com/shop/teddy-dining-chair/]]></link>
        <g:product_type><![CDATA[Furniture > Chair Accessories]]></g:product_type>
        <g:google_product_category><![CDATA[Furniture > Chair Accessories]]></g:google_product_category>
        <g:image_link><![CDATA[https://www.alhuzaifa.com/wp-content/uploads/2020/05/2-5.jpg]]></g:image_link>
        <g:condition>New</g:condition>
        <g:availability>in stock</g:availability>
        <g:price>1195.00 AED</g:price>
        <g:sale_price>895.00 AED</g:sale_price>
        <g:mpn><![CDATA[DINDC406(CHR)-BROWN]]></g:mpn>
        <g:identifier_exists><![CDATA[FALSE]]></g:identifier_exists>
        <g:color><![CDATA[Dark Beige]]></g:color>
        <g:additional_image_link><![CDATA[https://www.alhuzaifa.com/wp-content/uploads/2020/05/3-4.jpg]]></g:additional_image_link>
        <g:additional_image_link><![CDATA[https://www.alhuzaifa.com/wp-content/uploads/2020/05/1-7.jpg]]></g:additional_image_link>
        <g:additional_image_link><![CDATA[https://www.alhuzaifa.com/wp-content/uploads/2020/05/4-4.jpg]]></g:additional_image_link>
        <g:additional_image_link><![CDATA[https://www.alhuzaifa.com/wp-content/uploads/2020/05/6-5.jpg]]></g:additional_image_link>
        <g:additional_image_link><![CDATA[https://www.alhuzaifa.com/wp-content/uploads/2020/05/7-6.jpg]]></g:additional_image_link></item><item>
        <g:id>3445</g:id>
        <title><![CDATA[TERRENCE DINING CHAIR]]></title>
        <description><![CDATA[INNER FRAME IN PLYWOOD.
LEGS AND BACK IN AMERICAN ASHWOOD IN DARK WALNUT]]></description>
        <link><![CDATA[https://www.alhuzaifa.com/shop/terrence-dining-chair/]]></link>
        <g:product_type><![CDATA[Furniture > Chair Accessories]]></g:product_type>
        <g:google_product_category><![CDATA[Furniture > Chair Accessories]]></g:google_product_category>
        <g:image_link><![CDATA[https://www.alhuzaifa.com/wp-content/uploads/2020/05/TERRENCE-DARK-WALNUT-2.jpg]]></g:image_link>
        <g:condition>New</g:condition>
        <g:availability>in stock</g:availability>
        <g:price>885.00 AED</g:price>
        <g:sale_price>615.00 AED</g:sale_price>
        <g:mpn><![CDATA[DINCH-1498]]></g:mpn>
        <g:identifier_exists><![CDATA[FALSE]]></g:identifier_exists>
        <g:color><![CDATA[Dark Walnut]]></g:color>
        <g:additional_image_link><![CDATA[https://www.alhuzaifa.com/wp-content/uploads/2020/05/TERRENCE-DARK-WALNUT-1.jpg]]></g:additional_image_link>
        <g:additional_image_link><![CDATA[https://www.alhuzaifa.com/wp-content/uploads/2020/05/TERRENCE-DARK-WALNUT-3.jpg]]></g:additional_image_link></item><item>
        <g:id>3447</g:id>
        <title><![CDATA[TRAPEZOID DINING TABLE]]></title>
        <description><![CDATA[Top in Plywood with Veneer in Espresso Oak.
Legs in Wood in Lux Titanium.]]></description>
        <link><![CDATA[https://www.alhuzaifa.com/shop/trapezoid-dining-table/]]></link>
        <g:product_type><![CDATA[Furniture > Chair Accessories]]></g:product_type>
        <g:google_product_category><![CDATA[Furniture > Chair Accessories]]></g:google_product_category>
        <g:image_link><![CDATA[https://www.alhuzaifa.com/wp-content/uploads/2020/05/12.jpg]]></g:image_link>
        <g:condition>New</g:condition>
        <g:availability>in stock</g:availability>
        <g:price>5850.00 AED</g:price>
        <g:sale_price>4385.00 AED</g:sale_price>
        <g:mpn><![CDATA[DINDT2360-225-G1]]></g:mpn>
        <g:identifier_exists><![CDATA[FALSE]]></g:identifier_exists>
        <g:color><![CDATA[Smoke Oak]]></g:color></item><item>
        <g:id>3449</g:id>
        <title><![CDATA[TRAPEZOID SIDEBOARD]]></title>
        <description><![CDATA[MDF + PLYWOOD WITH VENEER IN Espresso Oak.
Legs in Lux Wood Titanium.]]></description>
        <link><![CDATA[https://www.alhuzaifa.com/shop/trapezoid-sideboard/]]></link>
        <g:product_type><![CDATA[Furniture > Chair Accessories]]></g:product_type>
        <g:google_product_category><![CDATA[Furniture > Chair Accessories]]></g:google_product_category>
        <g:image_link><![CDATA[https://www.alhuzaifa.com/wp-content/uploads/2020/05/11.jpg]]></g:image_link>
        <g:condition>New</g:condition>
        <g:availability>in stock</g:availability>
        <g:price>8370.00 AED</g:price>
        <g:sale_price>6275.00 AED</g:sale_price>
        <g:mpn><![CDATA[DINSBD2360-G2]]></g:mpn>
        <g:identifier_exists><![CDATA[FALSE]]></g:identifier_exists>
        <g:color><![CDATA[Smoke Oak + Lux Titanium]]></g:color>
        <g:additional_image_link><![CDATA[https://www.alhuzaifa.com/wp-content/uploads/2020/05/26-1.jpg]]></g:additional_image_link>
        <g:additional_image_link><![CDATA[https://www.alhuzaifa.com/wp-content/uploads/2020/05/27-2.jpg]]></g:additional_image_link></item><item>
        <g:id>3455</g:id>
        <g:item_group_id>3453</g:item_group_id>
        <title><![CDATA[TRAVOLTA DINING CHAIR]]></title>
        <description><![CDATA[Seat and backrest covered with fabric.

Base stainless steel in brass brushed]]></description>
        <link><![CDATA[https://www.alhuzaifa.com/shop/travolta-dining-chair/]]></link>
        <g:product_type><![CDATA[Furniture > Chair Accessories]]></g:product_type>
        <g:google_product_category><![CDATA[Furniture > Chair Accessories]]></g:google_product_category>
        <g:image_link><![CDATA[https://www.alhuzaifa.com/wp-content/uploads/2020/05/TRAVOLTA-BLACK-AND-WHITE-2.jpg]]></g:image_link>
        <g:condition>New</g:condition>
        <g:availability>in stock</g:availability>
        <g:price>1510.00 AED</g:price>
        <g:sale_price>1130.00 AED</g:sale_price>
        <g:mpn><![CDATA[DINDC18020-G1]]></g:mpn>
        <g:identifier_exists><![CDATA[FALSE]]></g:identifier_exists>
        <g:color><![CDATA[Black White]]></g:color></item><item>
        <g:id>3454</g:id>
        <g:item_group_id>3453</g:item_group_id>
        <title><![CDATA[TRAVOLTA DINING CHAIR]]></title>
        <description><![CDATA[Seat and backrest covered with fabric.

Base stainless steel in brass brushed]]></description>
        <link><![CDATA[https://www.alhuzaifa.com/shop/travolta-dining-chair/]]></link>
        <g:product_type><![CDATA[Furniture > Chair Accessories]]></g:product_type>
        <g:google_product_category><![CDATA[Furniture > Chair Accessories]]></g:google_product_category>
        <g:image_link><![CDATA[https://www.alhuzaifa.com/wp-content/uploads/2020/05/15-1-1.jpg]]></g:image_link>
        <g:condition>New</g:condition>
        <g:availability>in stock</g:availability>
        <g:price>1510.00 AED</g:price>
        <g:sale_price>1130.00 AED</g:sale_price>
        <g:mpn><![CDATA[DINDC18020]]></g:mpn>
        <g:identifier_exists><![CDATA[FALSE]]></g:identifier_exists>
        <g:color><![CDATA[Beige]]></g:color></item><item>
        <g:id>3459</g:id>
        <title><![CDATA[TRISTAN SIDE BOARD]]></title>
        <description><![CDATA[MDF covered with American walnut veneer.

The groove lacquered in matte gray color.

Inside of door and legs lacquered in matte gray color.]]></description>
        <link><![CDATA[https://www.alhuzaifa.com/shop/tristan-side-board/]]></link>
        <g:product_type><![CDATA[Furniture > Chair Accessories]]></g:product_type>
        <g:google_product_category><![CDATA[Furniture > Chair Accessories]]></g:google_product_category>
        <g:image_link><![CDATA[https://www.alhuzaifa.com/wp-content/uploads/2020/05/TRISTAN-2.jpg]]></g:image_link>
        <g:condition>New</g:condition>
        <g:availability>in stock</g:availability>
        <g:price>4680.00 AED</g:price>
        <g:sale_price>1400.00 AED</g:sale_price>
        <g:mpn><![CDATA[DINSB14723-WALDGREY]]></g:mpn>
        <g:identifier_exists><![CDATA[FALSE]]></g:identifier_exists>
        <g:color><![CDATA[Walnut + Matt Grey]]></g:color>
        <g:additional_image_link><![CDATA[https://www.alhuzaifa.com/wp-content/uploads/2020/05/TRISTAN-1.jpg]]></g:additional_image_link>
        <g:additional_image_link><![CDATA[https://www.alhuzaifa.com/wp-content/uploads/2020/05/TRISTAN-3.jpg]]></g:additional_image_link></item><item>
        <g:id>3462</g:id>
        <g:item_group_id>3461</g:item_group_id>
        <title><![CDATA[TURIN DINING CHAIR]]></title>
        <description><![CDATA[Ash wood in Smoke Oak

Fully upholstered in bonded leather]]></description>
        <link><![CDATA[https://www.alhuzaifa.com/shop/turin-dining-chair/]]></link>
        <g:product_type><![CDATA[Furniture > Chair Accessories]]></g:product_type>
        <g:google_product_category><![CDATA[Furniture > Chair Accessories]]></g:google_product_category>
        <g:image_link><![CDATA[https://www.alhuzaifa.com/wp-content/uploads/2020/05/TURIN-SMOKE-OAK-GREY-2.jpg]]></g:image_link>
        <g:condition>New</g:condition>
        <g:availability>in stock</g:availability>
        <g:price>1795.00 AED</g:price>
        <g:sale_price>1345.00 AED</g:sale_price>
        <g:mpn><![CDATA[DINE557Y-C-SMKOAK]]></g:mpn>
        <g:identifier_exists><![CDATA[FALSE]]></g:identifier_exists>
        <g:color><![CDATA[Smoke Oak + Grey]]></g:color></item><item>
        <g:id>3463</g:id>
        <g:item_group_id>3461</g:item_group_id>
        <title><![CDATA[TURIN DINING CHAIR]]></title>
        <description><![CDATA[Ash wood in Smoke Oak

Fully upholstered in bonded leather]]></description>
        <link><![CDATA[https://www.alhuzaifa.com/shop/turin-dining-chair/]]></link>
        <g:product_type><![CDATA[Furniture > Chair Accessories]]></g:product_type>
        <g:google_product_category><![CDATA[Furniture > Chair Accessories]]></g:google_product_category>
        <g:image_link><![CDATA[https://www.alhuzaifa.com/wp-content/uploads/2020/05/TURIN-WALNUT-BEIGE-2.jpg]]></g:image_link>
        <g:condition>New</g:condition>
        <g:availability>in stock</g:availability>
        <g:price>1795.00 AED</g:price>
        <g:sale_price>1345.00 AED</g:sale_price>
        <g:mpn><![CDATA[DINE557Y-C-WALNUTV07]]></g:mpn>
        <g:identifier_exists><![CDATA[FALSE]]></g:identifier_exists>
        <g:color><![CDATA[Walnut + Beige]]></g:color></item><item>
        <g:id>3464</g:id>
        <title><![CDATA[WESLEY DINING TABLE]]></title>
        <description><![CDATA[TOP IN 15MM TEMPERED GLASS.

BASE IN AMERICAN ASH WOOD IN WALNUT.]]></description>
        <link><![CDATA[https://www.alhuzaifa.com/shop/wesley-dining-table/]]></link>
        <g:product_type><![CDATA[Furniture > Chair Accessories]]></g:product_type>
        <g:google_product_category><![CDATA[Furniture > Chair Accessories]]></g:google_product_category>
        <g:image_link><![CDATA[https://www.alhuzaifa.com/wp-content/uploads/2020/05/WhatsApp-Image-2020-05-28-at-4.53.52-PM.jpeg]]></g:image_link>
        <g:condition>New</g:condition>
        <g:availability>in stock</g:availability>
        <g:price>6825.00 AED</g:price>
        <g:sale_price>5110.00 AED</g:sale_price>
        <g:mpn><![CDATA[DINDT-16092]]></g:mpn>
        <g:identifier_exists><![CDATA[FALSE]]></g:identifier_exists>
        <g:color><![CDATA[Glass top + Walnut]]></g:color></item><item>
        <g:id>3466</g:id>
        <title><![CDATA[WESLEY DINING CHAIR]]></title>
        <description><![CDATA[INNER FRAME IN PLYWOOD.

FULLY UPHOLSTERED IN PVC.

LEG AND FRAME AMERICAN ASH WOOD.]]></description>
        <link><![CDATA[https://www.alhuzaifa.com/shop/wesley-dining-chair/]]></link>
        <g:product_type><![CDATA[Furniture > Chair Accessories]]></g:product_type>
        <g:google_product_category><![CDATA[Furniture > Chair Accessories]]></g:google_product_category>
        <g:image_link><![CDATA[https://www.alhuzaifa.com/wp-content/uploads/2020/05/16-2.jpg]]></g:image_link>
        <g:condition>New</g:condition>
        <g:availability>in stock</g:availability>
        <g:price>790.00 AED</g:price>
        <g:sale_price>590.00 AED</g:sale_price>
        <g:mpn><![CDATA[DINCH-1512]]></g:mpn>
        <g:identifier_exists><![CDATA[FALSE]]></g:identifier_exists>
        <g:color><![CDATA[WALNUT]]></g:color>
        <g:additional_image_link><![CDATA[https://www.alhuzaifa.com/wp-content/uploads/2020/05/15-2.jpg]]></g:additional_image_link>
        <g:additional_image_link><![CDATA[https://www.alhuzaifa.com/wp-content/uploads/2020/05/16-3.jpg]]></g:additional_image_link></item><item>
        <g:id>3468</g:id>
        <title><![CDATA[WESLEY LOBBY TABLE]]></title>
        <description><![CDATA[TOP IN 15MM TEMPERED GLASS.

BASE IN AMERICAN ASH WOOD IN WALNUT.]]></description>
        <link><![CDATA[https://www.alhuzaifa.com/shop/wesley-lobby-table/]]></link>
        <g:product_type><![CDATA[Furniture > Chair Accessories]]></g:product_type>
        <g:google_product_category><![CDATA[Furniture > Chair Accessories]]></g:google_product_category>
        <g:image_link><![CDATA[https://www.alhuzaifa.com/wp-content/uploads/2020/05/Wesley.jpg]]></g:image_link>
        <g:condition>New</g:condition>
        <g:availability>in stock</g:availability>
        <g:price>4350.00 AED</g:price>
        <g:sale_price>3260.00 AED</g:sale_price>
        <g:mpn><![CDATA[DIN16138]]></g:mpn>
        <g:identifier_exists><![CDATA[FALSE]]></g:identifier_exists>
        <g:color><![CDATA[Glass top + Walnut]]></g:color></item><item>
        <g:id>3504</g:id>
        <title><![CDATA[LA DIVA 4 DOOR CELLARET]]></title>
        <description><![CDATA[MATERIAL / FINISH 

MDF PAINTED WHITE + GOLD.

CLEAR GLASS FOR DOORS AND SHELVES.]]></description>
        <link><![CDATA[https://www.alhuzaifa.com/shop/la-diva-4-door-cellaret/]]></link>
        <g:product_type><![CDATA[Furniture > Chair Accessories]]></g:product_type>
        <g:google_product_category><![CDATA[Furniture > Chair Accessories]]></g:google_product_category>
        <g:condition>New</g:condition>
        <g:availability>in stock</g:availability>
        <g:price>8715.00 AED</g:price>
        <g:sale_price>6536.00 AED</g:sale_price>
        <g:mpn><![CDATA[DINP458-4 CELLARET]]></g:mpn>
        <g:identifier_exists><![CDATA[FALSE]]></g:identifier_exists>
        <g:color><![CDATA[WHITE + GOLD]]></g:color></item><item>
        <g:id>9124</g:id>
        <title><![CDATA[EASTWOOD DINING CHAIR]]></title>
        <description><![CDATA[NATURAL ASH WOOD IN WALNUT .
UPHOLSTERED IN PVC.

&nbsp;]]></description>
        <link><![CDATA[https://www.alhuzaifa.com/shop/eastwood-dining-chair-beige-walnut/]]></link>
        <g:product_type><![CDATA[Furniture > Chair Accessories]]></g:product_type>
        <g:google_product_category><![CDATA[Furniture > Chair Accessories]]></g:google_product_category>
        <g:image_link><![CDATA[https://www.alhuzaifa.com/wp-content/uploads/2020/06/2-3.jpg]]></g:image_link>
        <g:condition>New</g:condition>
        <g:availability>in stock</g:availability>
        <g:price>1010.00 AED</g:price>
        <g:sale_price>755.00 AED</g:sale_price>
        <g:mpn><![CDATA[DINCH-17026]]></g:mpn>
        <g:identifier_exists><![CDATA[FALSE]]></g:identifier_exists>
        <g:color><![CDATA[Beige + Walnut]]></g:color>
        <g:additional_image_link><![CDATA[https://www.alhuzaifa.com/wp-content/uploads/2020/06/1-2.jpg]]></g:additional_image_link>
        <g:additional_image_link><![CDATA[https://www.alhuzaifa.com/wp-content/uploads/2020/06/3-3.jpg]]></g:additional_image_link>
        <g:additional_image_link><![CDATA[https://www.alhuzaifa.com/wp-content/uploads/2020/06/4-4.jpg]]></g:additional_image_link></item><item>
        <g:id>9126</g:id>
        <g:item_group_id>9125</g:item_group_id>
        <title><![CDATA[MOSAIC DINING CHAIR]]></title>
        <description><![CDATA[MOSAIC DINING CHAIR]]></description>
        <link><![CDATA[https://www.alhuzaifa.com/shop/mosaic-dining-chair/]]></link>
        <g:product_type><![CDATA[Furniture > Chair Accessories]]></g:product_type>
        <g:google_product_category><![CDATA[Furniture > Chair Accessories]]></g:google_product_category>
        <g:image_link><![CDATA[https://www.alhuzaifa.com/wp-content/uploads/2020/06/8-2.jpg]]></g:image_link>
        <g:condition>New</g:condition>
        <g:availability>in stock</g:availability>
        <g:price>1885.00 AED</g:price>
        <g:sale_price>1410.00 AED</g:sale_price>
        <g:mpn><![CDATA[DINDC18240-1111-G1]]></g:mpn>
        <g:identifier_exists><![CDATA[FALSE]]></g:identifier_exists>
        <g:color><![CDATA[LIGHT BEIGE + COPPER]]></g:color></item><item>
        <g:id>9127</g:id>
        <g:item_group_id>9125</g:item_group_id>
        <title><![CDATA[MOSAIC DINING CHAIR]]></title>
        <description><![CDATA[MOSAIC DINING CHAIR]]></description>
        <link><![CDATA[https://www.alhuzaifa.com/shop/mosaic-dining-chair/]]></link>
        <g:product_type><![CDATA[Furniture > Chair Accessories]]></g:product_type>
        <g:google_product_category><![CDATA[Furniture > Chair Accessories]]></g:google_product_category>
        <g:image_link><![CDATA[https://www.alhuzaifa.com/wp-content/uploads/2020/06/8-2.jpg]]></g:image_link>
        <g:condition>New</g:condition>
        <g:availability>in stock</g:availability>
        <g:price>1885.00 AED</g:price>
        <g:sale_price>1410.00 AED</g:sale_price>
        <g:mpn><![CDATA[DINDC18240-1111-G2]]></g:mpn>
        <g:identifier_exists><![CDATA[FALSE]]></g:identifier_exists>
        <g:color><![CDATA[BEIGE + COPPER]]></g:color></item><item>
        <g:id>9449</g:id>
        <title><![CDATA[JERSEY DINING TABLE CERAMIC]]></title>
        <description><![CDATA[Top in Ceramic marble on MDF ,
Base Frame with stainless steel in 304# Stainless Steel Brush Brass Color.]]></description>
        <link><![CDATA[https://www.alhuzaifa.com/shop/jersey-dining-table-ceramic/]]></link>
        <g:product_type><![CDATA[Furniture > Chair Accessories]]></g:product_type>
        <g:google_product_category><![CDATA[Furniture > Chair Accessories]]></g:google_product_category>
        <g:image_link><![CDATA[https://www.alhuzaifa.com/wp-content/uploads/2020/07/14.jpg]]></g:image_link>
        <g:condition>New</g:condition>
        <g:availability>in stock</g:availability>
        <g:price>12900.00 AED</g:price>
        <g:sale_price>9675.00 AED</g:sale_price>
        <g:mpn><![CDATA[DINT17052S-005-1111]]></g:mpn>
        <g:identifier_exists><![CDATA[FALSE]]></g:identifier_exists>
        <g:size><![CDATA[WHITE CERAMIC + SMOKY WALNUT + BRUSH BRASS]]></g:size></item><item>
        <g:id>9450</g:id>
        <title><![CDATA[VALENTINO DINING TABLE]]></title>
        <description><![CDATA[12mm clear glass top tempered, facing board lacquered in black walnut , 304# Stainless Steel in yellow copper plating brushed.]]></description>
        <link><![CDATA[https://www.alhuzaifa.com/shop/valentino-dining-table/]]></link>
        <g:product_type><![CDATA[Furniture > Chair Accessories]]></g:product_type>
        <g:google_product_category><![CDATA[Furniture > Chair Accessories]]></g:google_product_category>
        <g:image_link><![CDATA[https://www.alhuzaifa.com/wp-content/uploads/2020/07/al-huzafia-july-616982-1.jpg]]></g:image_link>
        <g:condition>New</g:condition>
        <g:availability>in stock</g:availability>
        <g:price>10420.00 AED</g:price>
        <g:sale_price>7815.00 AED</g:sale_price>
        <g:mpn><![CDATA[DINT17190-1111]]></g:mpn>
        <g:identifier_exists><![CDATA[FALSE]]></g:identifier_exists>
        <g:color><![CDATA[CLEAR GLASS +BLACK WALNUT + YELLOW COPPER]]></g:color>
        <g:additional_image_link><![CDATA[https://www.alhuzaifa.com/wp-content/uploads/2020/07/al-huzafia-july-616983-1.jpg]]></g:additional_image_link>
        <g:additional_image_link><![CDATA[https://www.alhuzaifa.com/wp-content/uploads/2020/07/al-huzafia-july-616989.jpg]]></g:additional_image_link>
        <g:additional_image_link><![CDATA[https://www.alhuzaifa.com/wp-content/uploads/2020/07/al-huzafia-july-616986-1-scaled.jpg]]></g:additional_image_link></item></channel></rss>