<?xml version="1.0" encoding="UTF-8" ?>
<rss xmlns:g="http://base.google.com/ns/1.0" version="2.0">
  <channel>
    <title>test-facebook</title>
    <link><![CDATA[https://www.alhuzaifa.com/wp-content/uploads/cart_product_feeds/FacebookXML/test-facebook.xml]]></link>
    <description>test-facebook</description><item>
        <g:id>7041</g:id>
        <g:item_group_id>7038</g:item_group_id>
        <g:availability>in stock</g:availability>
        <g:condition>New</g:condition>
        <g:description><![CDATA[An organic driftwood inspired tablescape, accented with warm brass and clear glass candle holders that throw intriguing shadows when alight. ]]></g:description>
        <g:image_link><![CDATA[https://www.alhuzaifa.com/wp-content/uploads/2020/05/F0002.jpg]]></g:image_link>
        <g:link><![CDATA[https://www.alhuzaifa.com/shop/candle-holder/]]></g:link>
        <g:title><![CDATA[CANDLE HOLDER]]></g:title>
        <g:price>450.00 AED</g:price>
        <g:mpn>ACF0002</g:mpn>
        <g:size><![CDATA[MEDIUM]]></g:size>
        <g:color><![CDATA[brass]]></g:color>
        <g:google_product_category><![CDATA[Business & Industrial > Medical > Medical Furniture]]></g:google_product_category>
        <g:sale_price>335.00 AED</g:sale_price></item><item>
        <g:id>7043</g:id>
        <g:item_group_id>7038</g:item_group_id>
        <g:availability>in stock</g:availability>
        <g:condition>New</g:condition>
        <g:description><![CDATA[An organic driftwood inspired tablescape, accented with warm brass and clear glass candle holders that throw intriguing shadows when alight. ]]></g:description>
        <g:image_link><![CDATA[https://www.alhuzaifa.com/wp-content/uploads/2020/05/F0003.jpg]]></g:image_link>
        <g:link><![CDATA[https://www.alhuzaifa.com/shop/candle-holder/]]></g:link>
        <g:title><![CDATA[CANDLE HOLDER]]></g:title>
        <g:price>375.00 AED</g:price>
        <g:mpn>ACF0003</g:mpn>
        <g:size><![CDATA[SMALL]]></g:size>
        <g:color><![CDATA[brass]]></g:color>
        <g:google_product_category><![CDATA[Business & Industrial > Medical > Medical Furniture]]></g:google_product_category>
        <g:sale_price>280.00 AED</g:sale_price></item><item>
        <g:id>7039</g:id>
        <g:item_group_id>7038</g:item_group_id>
        <g:availability>in stock</g:availability>
        <g:condition>New</g:condition>
        <g:description><![CDATA[An organic driftwood inspired tablescape, accented with warm brass and clear glass candle holders that throw intriguing shadows when alight. ]]></g:description>
        <g:image_link><![CDATA[https://www.alhuzaifa.com/wp-content/uploads/2020/05/F0001.jpg]]></g:image_link>
        <g:link><![CDATA[https://www.alhuzaifa.com/shop/candle-holder/]]></g:link>
        <g:title><![CDATA[CANDLE HOLDER]]></g:title>
        <g:price>500.00 AED</g:price>
        <g:mpn>ACF0001</g:mpn>
        <g:size><![CDATA[LARGE]]></g:size>
        <g:color><![CDATA[brass]]></g:color>
        <g:google_product_category><![CDATA[Business & Industrial > Medical > Medical Furniture]]></g:google_product_category>
        <g:sale_price>375.00 AED</g:sale_price></item><item>
        <g:id>7045</g:id>
        <g:availability>in stock</g:availability>
        <g:condition>New</g:condition>
        <g:description><![CDATA[In favour of the sleek, straight and simple - update your space with three dimensional geometric shapes for the contemporary home.]]></g:description>
        <g:image_link><![CDATA[https://www.alhuzaifa.com/wp-content/uploads/2020/05/24-4.jpg]]></g:image_link>
        <g:link><![CDATA[https://www.alhuzaifa.com/shop/decorative-set/]]></g:link>
        <g:title><![CDATA[DECORATIVE SET]]></g:title>
        <g:price>375.00 AED</g:price>
        <g:mpn>ACF-BJ213-1-2-3</g:mpn>
        <g:color><![CDATA[brass]]></g:color>
        <g:google_product_category><![CDATA[Business & Industrial > Medical > Medical Furniture]]></g:google_product_category>
        <g:sale_price>280.00 AED</g:sale_price>
        <g:additional_image_link><![CDATA[https://www.alhuzaifa.com/wp-content/uploads/2020/05/25-3.jpg]]></g:additional_image_link>
        <g:additional_image_link><![CDATA[https://www.alhuzaifa.com/wp-content/uploads/2020/05/26-3.jpg]]></g:additional_image_link>
        <g:additional_image_link><![CDATA[https://www.alhuzaifa.com/wp-content/uploads/2020/05/F-BJ213.jpg]]></g:additional_image_link></item><item>
        <g:id>7048</g:id>
        <g:availability>in stock</g:availability>
        <g:condition>New</g:condition>
        <g:description><![CDATA[An abstract set sculpted from brass and plated in soft mellow gold. Sculptures to add that wow-factor to any room.]]></g:description>
        <g:image_link><![CDATA[https://www.alhuzaifa.com/wp-content/uploads/2020/05/38-3.jpg]]></g:image_link>
        <g:link><![CDATA[https://www.alhuzaifa.com/shop/sculpture-set-of-3/]]></g:link>
        <g:title><![CDATA[SCULPTURE SET OF 3]]></g:title>
        <g:price>625.00 AED</g:price>
        <g:mpn>ACH0077</g:mpn>
        <g:color><![CDATA[GOLD]]></g:color>
        <g:google_product_category><![CDATA[Business & Industrial > Medical > Medical Furniture]]></g:google_product_category>
        <g:sale_price>465.00 AED</g:sale_price>
        <g:additional_image_link><![CDATA[https://www.alhuzaifa.com/wp-content/uploads/2020/05/H0077.jpg]]></g:additional_image_link></item><item>
        <g:id>7051</g:id>
        <g:availability>in stock</g:availability>
        <g:condition>New</g:condition>
        <g:description><![CDATA[A fusion of luxury living with contemporary sensibilities. The three dimensional Music Stand is composed of steel plated in soft gold and displayed on a slab of black marble.]]></g:description>
        <g:image_link><![CDATA[https://www.alhuzaifa.com/wp-content/uploads/2020/05/H0311.jpg]]></g:image_link>
        <g:link><![CDATA[https://www.alhuzaifa.com/shop/music-stand/]]></g:link>
        <g:title><![CDATA[MUSIC STAND]]></g:title>
        <g:price>1060.00 AED</g:price>
        <g:mpn>ACH0311</g:mpn>
        <g:color><![CDATA[gold+black]]></g:color>
        <g:google_product_category><![CDATA[Business & Industrial > Medical > Medical Furniture]]></g:google_product_category>
        <g:sale_price>795.00 AED</g:sale_price></item><item>
        <g:id>7054</g:id>
        <g:availability>in stock</g:availability>
        <g:condition>New</g:condition>
        <g:description><![CDATA[A wonderfully quirky piece that sparks delightful conversation. Accessorise your space with this playful accent foiled in gold on a black marble base.]]></g:description>
        <g:image_link><![CDATA[https://www.alhuzaifa.com/wp-content/uploads/2020/05/H0506.jpg]]></g:image_link>
        <g:link><![CDATA[https://www.alhuzaifa.com/shop/desktop-sculpture/]]></g:link>
        <g:title><![CDATA[DESKTOP SCULPTURE]]></g:title>
        <g:price>620.00 AED</g:price>
        <g:mpn>ACH0506</g:mpn>
        <g:color><![CDATA[gold+clear]]></g:color>
        <g:google_product_category><![CDATA[Business & Industrial > Medical > Medical Furniture]]></g:google_product_category>
        <g:sale_price>465.00 AED</g:sale_price></item><item>
        <g:id>7067</g:id>
        <g:availability>in stock</g:availability>
        <g:condition>New</g:condition>
        <g:description><![CDATA[An adorable partridge perched on a branch in clean, minimal form. Fashioned in warm gold with a crystal base, add charming allure to your space.]]></g:description>
        <g:image_link><![CDATA[https://www.alhuzaifa.com/wp-content/uploads/2020/05/H0496a.jpg]]></g:image_link>
        <g:link><![CDATA[https://www.alhuzaifa.com/shop/partridge-on-branch-sculpture/]]></g:link>
        <g:title><![CDATA[PARTRIDGE ON BRANCH SCULPTURE]]></g:title>
        <g:price>530.00 AED</g:price>
        <g:mpn>ACH0496</g:mpn>
        <g:color><![CDATA[GOLD]]></g:color>
        <g:google_product_category><![CDATA[Business & Industrial > Medical > Medical Furniture]]></g:google_product_category>
        <g:sale_price>395.00 AED</g:sale_price></item><item>
        <g:id>7070</g:id>
        <g:availability>in stock</g:availability>
        <g:condition>New</g:condition>
        <g:description><![CDATA[An intricate and hauntingly powerful figurine that evokes contemplation. Cast in iron and coated in bronze.]]></g:description>
        <g:image_link><![CDATA[https://www.alhuzaifa.com/wp-content/uploads/2020/05/ZB320HB.jpg]]></g:image_link>
        <g:link><![CDATA[https://www.alhuzaifa.com/shop/hand-large/]]></g:link>
        <g:title><![CDATA[HAND LARGE]]></g:title>
        <g:price>410.00 AED</g:price>
        <g:mpn>ACZB320A</g:mpn>
        <g:color><![CDATA[yellow bronze]]></g:color>
        <g:google_product_category><![CDATA[Business & Industrial > Medical > Medical Furniture]]></g:google_product_category>
        <g:sale_price>305.00 AED</g:sale_price></item><item>
        <g:id>7073</g:id>
        <g:availability>in stock</g:availability>
        <g:condition>New</g:condition>
        <g:description><![CDATA[Rearing in unbridled magnificence. With intricate detail and ethereal design, this iron and natural black marble beauty is an iconic collectable.]]></g:description>
        <g:image_link><![CDATA[https://www.alhuzaifa.com/wp-content/uploads/2020/05/ZT10058a.jpg]]></g:image_link>
        <g:link><![CDATA[https://www.alhuzaifa.com/shop/fly-horse-black-gold/]]></g:link>
        <g:title><![CDATA[FLY HORSE BLACK GOLD]]></g:title>
        <g:price>585.00 AED</g:price>
        <g:mpn>ACZT0058</g:mpn>
        <g:color><![CDATA[bronze +black]]></g:color>
        <g:google_product_category><![CDATA[Business & Industrial > Medical > Medical Furniture]]></g:google_product_category>
        <g:sale_price>435.00 AED</g:sale_price></item><item>
        <g:id>7078</g:id>
        <g:item_group_id>7076</g:item_group_id>
        <g:availability>in stock</g:availability>
        <g:condition>New</g:condition>
        <g:description><![CDATA[]]></g:description>
        <g:image_link><![CDATA[https://www.alhuzaifa.com/wp-content/uploads/2020/05/LTR06HC23267.jpg]]></g:image_link>
        <g:link><![CDATA[https://www.alhuzaifa.com/shop/giraffe/]]></g:link>
        <g:title><![CDATA[GIRAFFE]]></g:title>
        <g:price>680.00 AED</g:price>
        <g:mpn>KIDSLTR06-YELLOW</g:mpn>
        <g:size><![CDATA[MEDIUM]]></g:size>
        <g:color><![CDATA[YELLOW]]></g:color>
        <g:google_product_category><![CDATA[Business & Industrial > Medical > Medical Furniture]]></g:google_product_category>
        <g:sale_price>510.00 AED</g:sale_price>
        <g:shipping_size><![CDATA[80x34x105 cm]]></g:shipping_size></item><item>
        <g:id>7077</g:id>
        <g:item_group_id>7076</g:item_group_id>
        <g:availability>in stock</g:availability>
        <g:condition>New</g:condition>
        <g:description><![CDATA[]]></g:description>
        <g:image_link><![CDATA[https://www.alhuzaifa.com/wp-content/uploads/2020/05/LT-M01-HC23267-1.jpg]]></g:image_link>
        <g:link><![CDATA[https://www.alhuzaifa.com/shop/giraffe/]]></g:link>
        <g:title><![CDATA[GIRAFFE]]></g:title>
        <g:price>135.00 AED</g:price>
        <g:mpn>KIDSLTM01-YELLOW</g:mpn>
        <g:size><![CDATA[SMALL]]></g:size>
        <g:color><![CDATA[YELLOW]]></g:color>
        <g:google_product_category><![CDATA[Business & Industrial > Medical > Medical Furniture]]></g:google_product_category>
        <g:sale_price>100.00 AED</g:sale_price>
        <g:shipping_size><![CDATA[37x14x55 cm]]></g:shipping_size></item><item>
        <g:id>7080</g:id>
        <g:availability>in stock</g:availability>
        <g:condition>New</g:condition>
        <g:description><![CDATA[cotton cover 100% , 100% polyyester filling with yarn knitted in green]]></g:description>
        <g:image_link><![CDATA[https://www.alhuzaifa.com/wp-content/uploads/2020/05/LTM02HC28619.jpg]]></g:image_link>
        <g:link><![CDATA[https://www.alhuzaifa.com/shop/dinosaur/]]></g:link>
        <g:title><![CDATA[DINOSAUR]]></g:title>
        <g:price>135.00 AED</g:price>
        <g:mpn>KIDSLTM02-GREEN</g:mpn>
        <g:size><![CDATA[SMALL]]></g:size>
        <g:color><![CDATA[Green]]></g:color>
        <g:google_product_category><![CDATA[Business & Industrial > Medical > Medical Furniture]]></g:google_product_category>
        <g:sale_price>100.00 AED</g:sale_price>
        <g:shipping_size><![CDATA[47x13x41 cm]]></g:shipping_size></item><item>
        <g:id>7084</g:id>
        <g:item_group_id>7082</g:item_group_id>
        <g:availability>in stock</g:availability>
        <g:condition>New</g:condition>
        <g:description><![CDATA[]]></g:description>
        <g:image_link><![CDATA[https://www.alhuzaifa.com/wp-content/uploads/2020/05/LTM03HC24800.jpg]]></g:image_link>
        <g:link><![CDATA[https://www.alhuzaifa.com/shop/elephant/]]></g:link>
        <g:title><![CDATA[ELEPHANT]]></g:title>
        <g:price>135.00 AED</g:price>
        <g:mpn>KIDSLTM03-LGREY</g:mpn>
        <g:size><![CDATA[SMALL]]></g:size>
        <g:color><![CDATA[light grey +off white]]></g:color>
        <g:google_product_category><![CDATA[Business & Industrial > Medical > Medical Furniture]]></g:google_product_category>
        <g:sale_price>100.00 AED</g:sale_price>
        <g:shipping_size><![CDATA[48x20x23 cm]]></g:shipping_size></item><item>
        <g:id>7083</g:id>
        <g:item_group_id>7082</g:item_group_id>
        <g:availability>in stock</g:availability>
        <g:condition>New</g:condition>
        <g:description><![CDATA[]]></g:description>
        <g:image_link><![CDATA[https://www.alhuzaifa.com/wp-content/uploads/2020/05/LTM03100-007.jpg]]></g:image_link>
        <g:link><![CDATA[https://www.alhuzaifa.com/shop/elephant/]]></g:link>
        <g:title><![CDATA[ELEPHANT]]></g:title>
        <g:price>135.00 AED</g:price>
        <g:mpn>KIDSLTM03-RED</g:mpn>
        <g:size><![CDATA[SMALL]]></g:size>
        <g:color><![CDATA[red+camel]]></g:color>
        <g:google_product_category><![CDATA[Business & Industrial > Medical > Medical Furniture]]></g:google_product_category>
        <g:sale_price>100.00 AED</g:sale_price>
        <g:shipping_size><![CDATA[48x20x23 cm]]></g:shipping_size></item><item>
        <g:id>7111</g:id>
        <g:item_group_id>7082</g:item_group_id>
        <g:availability>in stock</g:availability>
        <g:condition>New</g:condition>
        <g:description><![CDATA[]]></g:description>
        <g:image_link><![CDATA[https://www.alhuzaifa.com/wp-content/uploads/2020/05/LTR02-RED.jpg]]></g:image_link>
        <g:link><![CDATA[https://www.alhuzaifa.com/shop/elephant/]]></g:link>
        <g:title><![CDATA[ELEPHANT]]></g:title>
        <g:price>680.00 AED</g:price>
        <g:mpn>KIDSLTR02-RED</g:mpn>
        <g:size><![CDATA[MEDIUM]]></g:size>
        <g:color><![CDATA[red]]></g:color>
        <g:google_product_category><![CDATA[Business & Industrial > Medical > Medical Furniture]]></g:google_product_category>
        <g:sale_price>510.00 AED</g:sale_price>
        <g:shipping_size><![CDATA[86x36x45 cm]]></g:shipping_size></item><item>
        <g:id>7129</g:id>
        <g:item_group_id>7082</g:item_group_id>
        <g:availability>in stock</g:availability>
        <g:condition>New</g:condition>
        <g:description><![CDATA[]]></g:description>
        <g:image_link><![CDATA[https://www.alhuzaifa.com/wp-content/uploads/2020/05/LTY04-RED.jpg]]></g:image_link>
        <g:link><![CDATA[https://www.alhuzaifa.com/shop/elephant/]]></g:link>
        <g:title><![CDATA[ELEPHANT]]></g:title>
        <g:price>1035.00 AED</g:price>
        <g:mpn>KIDSLTY04-RED</g:mpn>
        <g:size><![CDATA[LARGE]]></g:size>
        <g:color><![CDATA[red+camel]]></g:color>
        <g:google_product_category><![CDATA[Business & Industrial > Medical > Medical Furniture]]></g:google_product_category>
        <g:sale_price>775.00 AED</g:sale_price>
        <g:shipping_size><![CDATA[128x40x58 cm]]></g:shipping_size></item><item>
        <g:id>7087</g:id>
        <g:item_group_id>7085</g:item_group_id>
        <g:availability>in stock</g:availability>
        <g:condition>New</g:condition>
        <g:description><![CDATA[]]></g:description>
        <g:image_link><![CDATA[https://www.alhuzaifa.com/wp-content/uploads/2020/05/LTM05HC28614.jpg]]></g:image_link>
        <g:link><![CDATA[https://www.alhuzaifa.com/shop/cat/]]></g:link>
        <g:title><![CDATA[CAT]]></g:title>
        <g:price>135.00 AED</g:price>
        <g:mpn>KIDSLTM05-LGREEN</g:mpn>
        <g:size><![CDATA[SMALL]]></g:size>
        <g:color><![CDATA[Light Green]]></g:color>
        <g:google_product_category><![CDATA[Business & Industrial > Medical > Medical Furniture]]></g:google_product_category>
        <g:sale_price>100.00 AED</g:sale_price>
        <g:shipping_size><![CDATA[43x19x35 cm]]></g:shipping_size></item><item>
        <g:id>7088</g:id>
        <g:item_group_id>7085</g:item_group_id>
        <g:availability>in stock</g:availability>
        <g:condition>New</g:condition>
        <g:description><![CDATA[]]></g:description>
        <g:image_link><![CDATA[https://www.alhuzaifa.com/wp-content/uploads/2020/05/LTM05WHITE.jpg]]></g:image_link>
        <g:link><![CDATA[https://www.alhuzaifa.com/shop/cat/]]></g:link>
        <g:title><![CDATA[CAT]]></g:title>
        <g:price>135.00 AED</g:price>
        <g:mpn>KIDSLTM05-OFFWHITE</g:mpn>
        <g:size><![CDATA[SMALL]]></g:size>
        <g:color><![CDATA[off white]]></g:color>
        <g:google_product_category><![CDATA[Business & Industrial > Medical > Medical Furniture]]></g:google_product_category>
        <g:sale_price>100.00 AED</g:sale_price>
        <g:shipping_size><![CDATA[43x19x35 cm]]></g:shipping_size></item><item>
        <g:id>7086</g:id>
        <g:item_group_id>7085</g:item_group_id>
        <g:availability>in stock</g:availability>
        <g:condition>New</g:condition>
        <g:description><![CDATA[]]></g:description>
        <g:image_link><![CDATA[https://www.alhuzaifa.com/wp-content/uploads/2020/05/LTM05HC24800.jpg]]></g:image_link>
        <g:link><![CDATA[https://www.alhuzaifa.com/shop/cat/]]></g:link>
        <g:title><![CDATA[CAT]]></g:title>
        <g:price>135.00 AED</g:price>
        <g:mpn>KIDSLTM05-LGREY</g:mpn>
        <g:size><![CDATA[SMALL]]></g:size>
        <g:color><![CDATA[Light Grey]]></g:color>
        <g:google_product_category><![CDATA[Business & Industrial > Medical > Medical Furniture]]></g:google_product_category>
        <g:sale_price>100.00 AED</g:sale_price>
        <g:shipping_size><![CDATA[43x19x35 cm]]></g:shipping_size></item><item>
        <g:id>7117</g:id>
        <g:item_group_id>7085</g:item_group_id>
        <g:availability>in stock</g:availability>
        <g:condition>New</g:condition>
        <g:description><![CDATA[]]></g:description>
        <g:image_link><![CDATA[https://www.alhuzaifa.com/wp-content/uploads/2020/05/LTR09-LGREY.jpg]]></g:image_link>
        <g:link><![CDATA[https://www.alhuzaifa.com/shop/cat/]]></g:link>
        <g:title><![CDATA[CAT]]></g:title>
        <g:price>680.00 AED</g:price>
        <g:mpn>KIDSLTR09-LGREY</g:mpn>
        <g:size><![CDATA[MEDIUM]]></g:size>
        <g:color><![CDATA[Light Grey]]></g:color>
        <g:google_product_category><![CDATA[Business & Industrial > Medical > Medical Furniture]]></g:google_product_category>
        <g:sale_price>510.00 AED</g:sale_price>
        <g:shipping_size><![CDATA[94x30x62 cm]]></g:shipping_size></item><item>
        <g:id>7118</g:id>
        <g:item_group_id>7085</g:item_group_id>
        <g:availability>in stock</g:availability>
        <g:condition>New</g:condition>
        <g:description><![CDATA[]]></g:description>
        <g:image_link><![CDATA[https://www.alhuzaifa.com/wp-content/uploads/2020/05/LTR09-LGREEN.jpg]]></g:image_link>
        <g:link><![CDATA[https://www.alhuzaifa.com/shop/cat/]]></g:link>
        <g:title><![CDATA[CAT]]></g:title>
        <g:price>680.00 AED</g:price>
        <g:mpn>KIDSLTR09-LGREEN</g:mpn>
        <g:size><![CDATA[MEDIUM]]></g:size>
        <g:color><![CDATA[Light Green]]></g:color>
        <g:google_product_category><![CDATA[Business & Industrial > Medical > Medical Furniture]]></g:google_product_category>
        <g:sale_price>510.00 AED</g:sale_price>
        <g:shipping_size><![CDATA[94x30x62 cm]]></g:shipping_size></item><item>
        <g:id>7119</g:id>
        <g:item_group_id>7085</g:item_group_id>
        <g:availability>in stock</g:availability>
        <g:condition>New</g:condition>
        <g:description><![CDATA[]]></g:description>
        <g:image_link><![CDATA[https://www.alhuzaifa.com/wp-content/uploads/2020/05/LTR09-OFFWHITE.jpg]]></g:image_link>
        <g:link><![CDATA[https://www.alhuzaifa.com/shop/cat/]]></g:link>
        <g:title><![CDATA[CAT]]></g:title>
        <g:price>680.00 AED</g:price>
        <g:mpn>KIDSLTR09-OFFWHITE</g:mpn>
        <g:size><![CDATA[MEDIUM]]></g:size>
        <g:color><![CDATA[off white]]></g:color>
        <g:google_product_category><![CDATA[Business & Industrial > Medical > Medical Furniture]]></g:google_product_category>
        <g:sale_price>510.00 AED</g:sale_price>
        <g:shipping_size><![CDATA[94x30x62 cm]]></g:shipping_size></item><item>
        <g:id>7091</g:id>
        <g:item_group_id>7089</g:item_group_id>
        <g:availability>in stock</g:availability>
        <g:condition>New</g:condition>
        <g:description><![CDATA[]]></g:description>
        <g:image_link><![CDATA[https://www.alhuzaifa.com/wp-content/uploads/2020/05/LTM06HC24800.jpg]]></g:image_link>
        <g:link><![CDATA[https://www.alhuzaifa.com/shop/dog/]]></g:link>
        <g:title><![CDATA[DOG]]></g:title>
        <g:price>135.00 AED</g:price>
        <g:mpn>KIDSLTM06-LGREY</g:mpn>
        <g:size><![CDATA[SMALL]]></g:size>
        <g:color><![CDATA[grey +off white]]></g:color>
        <g:google_product_category><![CDATA[Business & Industrial > Medical > Medical Furniture]]></g:google_product_category>
        <g:sale_price>100.00 AED</g:sale_price>
        <g:shipping_size><![CDATA[45x18x30 cm]]></g:shipping_size></item><item>
        <g:id>7092</g:id>
        <g:item_group_id>7089</g:item_group_id>
        <g:availability>in stock</g:availability>
        <g:condition>New</g:condition>
        <g:description><![CDATA[]]></g:description>
        <g:image_link><![CDATA[https://www.alhuzaifa.com/wp-content/uploads/2020/05/LTM06HC28613.jpg]]></g:image_link>
        <g:link><![CDATA[https://www.alhuzaifa.com/shop/dog/]]></g:link>
        <g:title><![CDATA[DOG]]></g:title>
        <g:price>135.00 AED</g:price>
        <g:mpn>KIDSLTM06-BLUE</g:mpn>
        <g:size><![CDATA[SMALL]]></g:size>
        <g:color><![CDATA[blue + off white]]></g:color>
        <g:google_product_category><![CDATA[Business & Industrial > Medical > Medical Furniture]]></g:google_product_category>
        <g:sale_price>100.00 AED</g:sale_price>
        <g:shipping_size><![CDATA[45x18x30 cm]]></g:shipping_size></item><item>
        <g:id>7090</g:id>
        <g:item_group_id>7089</g:item_group_id>
        <g:availability>in stock</g:availability>
        <g:condition>New</g:condition>
        <g:description><![CDATA[]]></g:description>
        <g:image_link><![CDATA[https://www.alhuzaifa.com/wp-content/uploads/2020/05/LTM06HC22922.jpg]]></g:image_link>
        <g:link><![CDATA[https://www.alhuzaifa.com/shop/dog/]]></g:link>
        <g:title><![CDATA[DOG]]></g:title>
        <g:price>135.00 AED</g:price>
        <g:mpn>KIDSLTM06-CAMEL</g:mpn>
        <g:size><![CDATA[SMALL]]></g:size>
        <g:color><![CDATA[camel + off white]]></g:color>
        <g:google_product_category><![CDATA[Business & Industrial > Medical > Medical Furniture]]></g:google_product_category>
        <g:sale_price>100.00 AED</g:sale_price>
        <g:shipping_size><![CDATA[45x18x30 cm]]></g:shipping_size></item><item>
        <g:id>7114</g:id>
        <g:item_group_id>7089</g:item_group_id>
        <g:availability>in stock</g:availability>
        <g:condition>New</g:condition>
        <g:description><![CDATA[]]></g:description>
        <g:image_link><![CDATA[https://www.alhuzaifa.com/wp-content/uploads/2020/05/LTR07HC22922.jpg]]></g:image_link>
        <g:link><![CDATA[https://www.alhuzaifa.com/shop/dog/]]></g:link>
        <g:title><![CDATA[DOG]]></g:title>
        <g:price>680.00 AED</g:price>
        <g:mpn>KIDSLTR07-CAMEL</g:mpn>
        <g:size><![CDATA[MEDIUM]]></g:size>
        <g:color><![CDATA[camel + off white]]></g:color>
        <g:google_product_category><![CDATA[Business & Industrial > Medical > Medical Furniture]]></g:google_product_category>
        <g:sale_price>510.00 AED</g:sale_price>
        <g:shipping_size><![CDATA[82x28x53 cm]]></g:shipping_size></item><item>
        <g:id>7115</g:id>
        <g:item_group_id>7089</g:item_group_id>
        <g:availability>in stock</g:availability>
        <g:condition>New</g:condition>
        <g:description><![CDATA[]]></g:description>
        <g:image_link><![CDATA[https://www.alhuzaifa.com/wp-content/uploads/2020/05/LTR07-LGREY.jpg]]></g:image_link>
        <g:link><![CDATA[https://www.alhuzaifa.com/shop/dog/]]></g:link>
        <g:title><![CDATA[DOG]]></g:title>
        <g:price>680.00 AED</g:price>
        <g:mpn>KIDSLTR07-LGREY</g:mpn>
        <g:size><![CDATA[MEDIUM]]></g:size>
        <g:color><![CDATA[grey +off white]]></g:color>
        <g:google_product_category><![CDATA[Business & Industrial > Medical > Medical Furniture]]></g:google_product_category>
        <g:sale_price>510.00 AED</g:sale_price>
        <g:shipping_size><![CDATA[82x28x53 cm]]></g:shipping_size></item><item>
        <g:id>7116</g:id>
        <g:item_group_id>7089</g:item_group_id>
        <g:availability>in stock</g:availability>
        <g:condition>New</g:condition>
        <g:description><![CDATA[]]></g:description>
        <g:image_link><![CDATA[https://www.alhuzaifa.com/wp-content/uploads/2020/05/LTR07-BLUE.jpg]]></g:image_link>
        <g:link><![CDATA[https://www.alhuzaifa.com/shop/dog/]]></g:link>
        <g:title><![CDATA[DOG]]></g:title>
        <g:price>680.00 AED</g:price>
        <g:mpn>KIDSLTR07-BLUE</g:mpn>
        <g:size><![CDATA[MEDIUM]]></g:size>
        <g:color><![CDATA[blue + off white]]></g:color>
        <g:google_product_category><![CDATA[Business & Industrial > Medical > Medical Furniture]]></g:google_product_category>
        <g:sale_price>510.00 AED</g:sale_price>
        <g:shipping_size><![CDATA[82x28x53 cm]]></g:shipping_size></item><item>
        <g:id>7855</g:id>
        <g:item_group_id>7093</g:item_group_id>
        <g:availability>in stock</g:availability>
        <g:condition>New</g:condition>
        <g:description><![CDATA[]]></g:description>
        <g:image_link><![CDATA[https://www.alhuzaifa.com/wp-content/uploads/2020/05/LTY08-BLACK.jpg]]></g:image_link>
        <g:link><![CDATA[https://www.alhuzaifa.com/shop/panda/]]></g:link>
        <g:title><![CDATA[PANDA]]></g:title>
        <g:price>1035.00 AED</g:price>
        <g:mpn>KIDSLTY08-BLACK</g:mpn>
        <g:size><![CDATA[LARGE]]></g:size>
        <g:color><![CDATA[black +off white]]></g:color>
        <g:google_product_category><![CDATA[Business & Industrial > Medical > Medical Furniture]]></g:google_product_category>
        <g:sale_price>775.00 AED</g:sale_price>
        <g:shipping_size><![CDATA[100x34x50 cm]]></g:shipping_size></item><item>
        <g:id>7856</g:id>
        <g:item_group_id>7093</g:item_group_id>
        <g:availability>in stock</g:availability>
        <g:condition>New</g:condition>
        <g:description><![CDATA[]]></g:description>
        <g:image_link><![CDATA[https://www.alhuzaifa.com/wp-content/uploads/2020/05/LTR25-BLACK.jpg]]></g:image_link>
        <g:link><![CDATA[https://www.alhuzaifa.com/shop/panda/]]></g:link>
        <g:title><![CDATA[PANDA]]></g:title>
        <g:price>680.00 AED</g:price>
        <g:mpn>KIDSLTR25-BLACK</g:mpn>
        <g:size><![CDATA[MEDIUM]]></g:size>
        <g:color><![CDATA[black +off white]]></g:color>
        <g:google_product_category><![CDATA[Business & Industrial > Medical > Medical Furniture]]></g:google_product_category>
        <g:sale_price>510.00 AED</g:sale_price>
        <g:shipping_size><![CDATA[80x35x40 cm]]></g:shipping_size></item><item>
        <g:id>7858</g:id>
        <g:item_group_id>7093</g:item_group_id>
        <g:availability>in stock</g:availability>
        <g:condition>New</g:condition>
        <g:description><![CDATA[]]></g:description>
        <g:image_link><![CDATA[https://www.alhuzaifa.com/wp-content/uploads/2020/05/LT-M08.jpg]]></g:image_link>
        <g:link><![CDATA[https://www.alhuzaifa.com/shop/panda/]]></g:link>
        <g:title><![CDATA[PANDA]]></g:title>
        <g:price>135.00 AED</g:price>
        <g:mpn>KIDSLTM08-BLACK</g:mpn>
        <g:size><![CDATA[SMALL]]></g:size>
        <g:color><![CDATA[black +off white]]></g:color>
        <g:google_product_category><![CDATA[Business & Industrial > Medical > Medical Furniture]]></g:google_product_category>
        <g:sale_price>100.00 AED</g:sale_price>
        <g:shipping_size><![CDATA[52x19x25 cm]]></g:shipping_size></item><item>
        <g:id>7097</g:id>
        <g:item_group_id>7095</g:item_group_id>
        <g:availability>in stock</g:availability>
        <g:condition>New</g:condition>
        <g:description><![CDATA[]]></g:description>
        <g:image_link><![CDATA[https://www.alhuzaifa.com/wp-content/uploads/2020/05/LTM09HC28613.jpg]]></g:image_link>
        <g:link><![CDATA[https://www.alhuzaifa.com/shop/deer/]]></g:link>
        <g:title><![CDATA[DEER]]></g:title>
        <g:price>135.00 AED</g:price>
        <g:mpn>KIDSLTM09-BLUE</g:mpn>
        <g:size><![CDATA[SMALL]]></g:size>
        <g:color><![CDATA[blue + off white]]></g:color>
        <g:google_product_category><![CDATA[Business & Industrial > Medical > Medical Furniture]]></g:google_product_category>
        <g:sale_price>100.00 AED</g:sale_price>
        <g:shipping_size><![CDATA[31x15x40 cm]]></g:shipping_size></item><item>
        <g:id>7098</g:id>
        <g:item_group_id>7095</g:item_group_id>
        <g:availability>in stock</g:availability>
        <g:condition>New</g:condition>
        <g:description><![CDATA[]]></g:description>
        <g:image_link><![CDATA[https://www.alhuzaifa.com/wp-content/uploads/2020/05/LTM09HC28616.jpg]]></g:image_link>
        <g:link><![CDATA[https://www.alhuzaifa.com/shop/deer/]]></g:link>
        <g:title><![CDATA[DEER]]></g:title>
        <g:price>135.00 AED</g:price>
        <g:mpn>KIDSLTM09-PINK</g:mpn>
        <g:size><![CDATA[SMALL]]></g:size>
        <g:color><![CDATA[pink+off white]]></g:color>
        <g:google_product_category><![CDATA[Business & Industrial > Medical > Medical Furniture]]></g:google_product_category>
        <g:sale_price>100.00 AED</g:sale_price>
        <g:shipping_size><![CDATA[31x15x40 cm]]></g:shipping_size></item><item>
        <g:id>7112</g:id>
        <g:item_group_id>7095</g:item_group_id>
        <g:availability>in stock</g:availability>
        <g:condition>New</g:condition>
        <g:description><![CDATA[]]></g:description>
        <g:image_link><![CDATA[https://www.alhuzaifa.com/wp-content/uploads/2020/05/LTR04-YELLOW.jpg]]></g:image_link>
        <g:link><![CDATA[https://www.alhuzaifa.com/shop/deer/]]></g:link>
        <g:title><![CDATA[DEER]]></g:title>
        <g:price>680.00 AED</g:price>
        <g:mpn>KIDSLTR04-YELLOW</g:mpn>
        <g:size><![CDATA[MEDIUM]]></g:size>
        <g:color><![CDATA[yellow + off white]]></g:color>
        <g:google_product_category><![CDATA[Business & Industrial > Medical > Medical Furniture]]></g:google_product_category>
        <g:sale_price>510.00 AED</g:sale_price>
        <g:shipping_size><![CDATA[61x36x83 cm]]></g:shipping_size></item><item>
        <g:id>7113</g:id>
        <g:item_group_id>7095</g:item_group_id>
        <g:availability>in stock</g:availability>
        <g:condition>New</g:condition>
        <g:description><![CDATA[]]></g:description>
        <g:image_link><![CDATA[https://www.alhuzaifa.com/wp-content/uploads/2020/05/LTR04-BLUE.jpg]]></g:image_link>
        <g:link><![CDATA[https://www.alhuzaifa.com/shop/deer/]]></g:link>
        <g:title><![CDATA[DEER]]></g:title>
        <g:price>680.00 AED</g:price>
        <g:mpn>KIDSLTR04-BLUE</g:mpn>
        <g:size><![CDATA[MEDIUM]]></g:size>
        <g:color><![CDATA[blue + off white]]></g:color>
        <g:google_product_category><![CDATA[Business & Industrial > Medical > Medical Furniture]]></g:google_product_category>
        <g:sale_price>510.00 AED</g:sale_price>
        <g:shipping_size><![CDATA[61x36x83 cm]]></g:shipping_size></item><item>
        <g:id>7096</g:id>
        <g:item_group_id>7095</g:item_group_id>
        <g:availability>in stock</g:availability>
        <g:condition>New</g:condition>
        <g:description><![CDATA[]]></g:description>
        <g:image_link><![CDATA[https://www.alhuzaifa.com/wp-content/uploads/2020/05/LTR04-YELLOW.jpg]]></g:image_link>
        <g:link><![CDATA[https://www.alhuzaifa.com/shop/deer/]]></g:link>
        <g:title><![CDATA[DEER]]></g:title>
        <g:price>135.00 AED</g:price>
        <g:mpn>KIDSLTM09-YELLOW</g:mpn>
        <g:size><![CDATA[SMALL]]></g:size>
        <g:color><![CDATA[yellow + off white]]></g:color>
        <g:google_product_category><![CDATA[Business & Industrial > Medical > Medical Furniture]]></g:google_product_category>
        <g:sale_price>100.00 AED</g:sale_price>
        <g:shipping_size><![CDATA[31x15x40 cm]]></g:shipping_size></item><item>
        <g:id>7866</g:id>
        <g:item_group_id>7099</g:item_group_id>
        <g:availability>in stock</g:availability>
        <g:condition>New</g:condition>
        <g:description><![CDATA[]]></g:description>
        <g:image_link><![CDATA[https://www.alhuzaifa.com/wp-content/uploads/2020/05/LTM10-CAMEL.jpg]]></g:image_link>
        <g:link><![CDATA[https://www.alhuzaifa.com/shop/camel/]]></g:link>
        <g:title><![CDATA[CAMEL]]></g:title>
        <g:price>135.00 AED</g:price>
        <g:mpn>KIDSLTM10-CAMEL</g:mpn>
        <g:size><![CDATA[SMALL]]></g:size>
        <g:color><![CDATA[camel + light brown]]></g:color>
        <g:google_product_category><![CDATA[Business & Industrial > Medical > Medical Furniture]]></g:google_product_category>
        <g:sale_price>100.00 AED</g:sale_price>
        <g:shipping_size><![CDATA[50x17x27 cm]]></g:shipping_size></item><item>
        <g:id>7868</g:id>
        <g:item_group_id>7099</g:item_group_id>
        <g:availability>in stock</g:availability>
        <g:condition>New</g:condition>
        <g:description><![CDATA[]]></g:description>
        <g:image_link><![CDATA[https://www.alhuzaifa.com/wp-content/uploads/2020/05/LTY06-CAMEL.jpg]]></g:image_link>
        <g:link><![CDATA[https://www.alhuzaifa.com/shop/camel/]]></g:link>
        <g:title><![CDATA[CAMEL]]></g:title>
        <g:price>1035.00 AED</g:price>
        <g:mpn>KIDSLTY06-CAMEL</g:mpn>
        <g:size><![CDATA[LARGE]]></g:size>
        <g:color><![CDATA[camel]]></g:color>
        <g:google_product_category><![CDATA[Business & Industrial > Medical > Medical Furniture]]></g:google_product_category>
        <g:sale_price>775.00 AED</g:sale_price>
        <g:shipping_size><![CDATA[119x32x67 cm]]></g:shipping_size></item><item>
        <g:id>7871</g:id>
        <g:item_group_id>7103</g:item_group_id>
        <g:availability>in stock</g:availability>
        <g:condition>New</g:condition>
        <g:description><![CDATA[]]></g:description>
        <g:image_link><![CDATA[https://www.alhuzaifa.com/wp-content/uploads/2020/05/LTM12HC22922.jpg]]></g:image_link>
        <g:link><![CDATA[https://www.alhuzaifa.com/shop/lion/]]></g:link>
        <g:title><![CDATA[LION]]></g:title>
        <g:price>135.00 AED</g:price>
        <g:mpn>KIDSLTM12-CAMEL</g:mpn>
        <g:size><![CDATA[SMALL]]></g:size>
        <g:color><![CDATA[camel + light brown]]></g:color>
        <g:google_product_category><![CDATA[Business & Industrial > Medical > Medical Furniture]]></g:google_product_category>
        <g:sale_price>100.00 AED</g:sale_price>
        <g:shipping_size><![CDATA[44x16x27 cm]]></g:shipping_size></item><item>
        <g:id>7873</g:id>
        <g:item_group_id>7103</g:item_group_id>
        <g:availability>in stock</g:availability>
        <g:condition>New</g:condition>
        <g:description><![CDATA[]]></g:description>
        <g:image_link><![CDATA[https://www.alhuzaifa.com/wp-content/uploads/2020/05/LTY11-CAMEL.jpg]]></g:image_link>
        <g:link><![CDATA[https://www.alhuzaifa.com/shop/lion/]]></g:link>
        <g:title><![CDATA[LION]]></g:title>
        <g:price>680.00 AED</g:price>
        <g:mpn>KIDSLTM12-CAMEL</g:mpn>
        <g:size><![CDATA[MEDIUM]]></g:size>
        <g:color><![CDATA[camel]]></g:color>
        <g:google_product_category><![CDATA[Business & Industrial > Medical > Medical Furniture]]></g:google_product_category>
        <g:sale_price>510.00 AED</g:sale_price>
        <g:shipping_size><![CDATA[100x30x50 cm]]></g:shipping_size></item><item>
        <g:id>7107</g:id>
        <g:item_group_id>7105</g:item_group_id>
        <g:availability>in stock</g:availability>
        <g:condition>New</g:condition>
        <g:description><![CDATA[]]></g:description>
        <g:image_link><![CDATA[https://www.alhuzaifa.com/wp-content/uploads/2020/05/LT-M18-YELLOW.jpg]]></g:image_link>
        <g:link><![CDATA[https://www.alhuzaifa.com/shop/horse/]]></g:link>
        <g:title><![CDATA[HORSE]]></g:title>
        <g:price>135.00 AED</g:price>
        <g:mpn>KIDSLTM18-YELLOW</g:mpn>
        <g:size><![CDATA[SMALL]]></g:size>
        <g:color><![CDATA[yellow + off white]]></g:color>
        <g:google_product_category><![CDATA[Business & Industrial > Medical > Medical Furniture]]></g:google_product_category>
        <g:sale_price>100.00 AED</g:sale_price>
        <g:shipping_size><![CDATA[30x16x40 cm]]></g:shipping_size></item><item>
        <g:id>7108</g:id>
        <g:item_group_id>7105</g:item_group_id>
        <g:availability>in stock</g:availability>
        <g:condition>New</g:condition>
        <g:description><![CDATA[]]></g:description>
        <g:image_link><![CDATA[https://www.alhuzaifa.com/wp-content/uploads/2020/05/LTM18-BLUE.jpg]]></g:image_link>
        <g:link><![CDATA[https://www.alhuzaifa.com/shop/horse/]]></g:link>
        <g:title><![CDATA[HORSE]]></g:title>
        <g:price>135.00 AED</g:price>
        <g:mpn>KIDSLTM18-BLUE</g:mpn>
        <g:size><![CDATA[SMALL]]></g:size>
        <g:color><![CDATA[blue + off white]]></g:color>
        <g:google_product_category><![CDATA[Business & Industrial > Medical > Medical Furniture]]></g:google_product_category>
        <g:sale_price>100.00 AED</g:sale_price>
        <g:shipping_size><![CDATA[30x16x40 cm]]></g:shipping_size></item><item>
        <g:id>7120</g:id>
        <g:item_group_id>7105</g:item_group_id>
        <g:availability>in stock</g:availability>
        <g:condition>New</g:condition>
        <g:description><![CDATA[]]></g:description>
        <g:image_link><![CDATA[https://www.alhuzaifa.com/wp-content/uploads/2020/05/LTR10-RED.jpg]]></g:image_link>
        <g:link><![CDATA[https://www.alhuzaifa.com/shop/horse/]]></g:link>
        <g:title><![CDATA[HORSE]]></g:title>
        <g:price>680.00 AED</g:price>
        <g:mpn>KIDSLTR10-RED</g:mpn>
        <g:size><![CDATA[MEDIUM]]></g:size>
        <g:color><![CDATA[red + off white]]></g:color>
        <g:google_product_category><![CDATA[Business & Industrial > Medical > Medical Furniture]]></g:google_product_category>
        <g:sale_price>510.00 AED</g:sale_price>
        <g:shipping_size><![CDATA[76x34x86 cm]]></g:shipping_size></item><item>
        <g:id>7106</g:id>
        <g:item_group_id>7105</g:item_group_id>
        <g:availability>in stock</g:availability>
        <g:condition>New</g:condition>
        <g:description><![CDATA[]]></g:description>
        <g:image_link><![CDATA[https://www.alhuzaifa.com/wp-content/uploads/2020/05/LT-M18-100-007.jpg]]></g:image_link>
        <g:link><![CDATA[https://www.alhuzaifa.com/shop/horse/]]></g:link>
        <g:title><![CDATA[HORSE]]></g:title>
        <g:price>135.00 AED</g:price>
        <g:mpn>KIDSLTM18-RED</g:mpn>
        <g:size><![CDATA[SMALL]]></g:size>
        <g:color><![CDATA[red]]></g:color>
        <g:google_product_category><![CDATA[Business & Industrial > Medical > Medical Furniture]]></g:google_product_category>
        <g:sale_price>100.00 AED</g:sale_price>
        <g:shipping_size><![CDATA[30x16x40 cm]]></g:shipping_size></item><item>
        <g:id>7121</g:id>
        <g:item_group_id>7105</g:item_group_id>
        <g:availability>in stock</g:availability>
        <g:condition>New</g:condition>
        <g:description><![CDATA[]]></g:description>
        <g:image_link><![CDATA[https://www.alhuzaifa.com/wp-content/uploads/2020/05/LTR10-YELLOW.jpg]]></g:image_link>
        <g:link><![CDATA[https://www.alhuzaifa.com/shop/horse/]]></g:link>
        <g:title><![CDATA[HORSE]]></g:title>
        <g:price>680.00 AED</g:price>
        <g:mpn>KIDSLTR10-YELLOW</g:mpn>
        <g:size><![CDATA[MEDIUM]]></g:size>
        <g:color><![CDATA[yellow + off white]]></g:color>
        <g:google_product_category><![CDATA[Business & Industrial > Medical > Medical Furniture]]></g:google_product_category>
        <g:sale_price>510.00 AED</g:sale_price>
        <g:shipping_size><![CDATA[76x34x86 cm]]></g:shipping_size></item><item>
        <g:id>7122</g:id>
        <g:item_group_id>7105</g:item_group_id>
        <g:availability>in stock</g:availability>
        <g:condition>New</g:condition>
        <g:description><![CDATA[]]></g:description>
        <g:image_link><![CDATA[https://www.alhuzaifa.com/wp-content/uploads/2020/05/LTR10-BLUE.jpg]]></g:image_link>
        <g:link><![CDATA[https://www.alhuzaifa.com/shop/horse/]]></g:link>
        <g:title><![CDATA[HORSE]]></g:title>
        <g:price>680.00 AED</g:price>
        <g:mpn>KIDSLTR10-BLUE</g:mpn>
        <g:size><![CDATA[MEDIUM]]></g:size>
        <g:color><![CDATA[blue + off white]]></g:color>
        <g:google_product_category><![CDATA[Business & Industrial > Medical > Medical Furniture]]></g:google_product_category>
        <g:sale_price>510.00 AED</g:sale_price>
        <g:shipping_size><![CDATA[76x34x86 cm]]></g:shipping_size></item><item>
        <g:id>7133</g:id>
        <g:item_group_id>7105</g:item_group_id>
        <g:availability>in stock</g:availability>
        <g:condition>New</g:condition>
        <g:description><![CDATA[]]></g:description>
        <g:image_link><![CDATA[https://www.alhuzaifa.com/wp-content/uploads/2020/05/LTY07-RED.jpg]]></g:image_link>
        <g:link><![CDATA[https://www.alhuzaifa.com/shop/horse/]]></g:link>
        <g:title><![CDATA[HORSE]]></g:title>
        <g:price>1035.00 AED</g:price>
        <g:mpn>KIDSLTY07-RED</g:mpn>
        <g:size><![CDATA[LARGE]]></g:size>
        <g:color><![CDATA[red + off white]]></g:color>
        <g:google_product_category><![CDATA[Business & Industrial > Medical > Medical Furniture]]></g:google_product_category>
        <g:sale_price>775.00 AED</g:sale_price>
        <g:shipping_size><![CDATA[93x34x94 cm]]></g:shipping_size></item><item>
        <g:id>7134</g:id>
        <g:item_group_id>7105</g:item_group_id>
        <g:availability>in stock</g:availability>
        <g:condition>New</g:condition>
        <g:description><![CDATA[]]></g:description>
        <g:image_link><![CDATA[https://www.alhuzaifa.com/wp-content/uploads/2020/05/LTY07-YELLOW.jpg]]></g:image_link>
        <g:link><![CDATA[https://www.alhuzaifa.com/shop/horse/]]></g:link>
        <g:title><![CDATA[HORSE]]></g:title>
        <g:price>1035.00 AED</g:price>
        <g:mpn>KIDSLTY07-YELLOW</g:mpn>
        <g:size><![CDATA[LARGE]]></g:size>
        <g:color><![CDATA[yellow + off white]]></g:color>
        <g:google_product_category><![CDATA[Business & Industrial > Medical > Medical Furniture]]></g:google_product_category>
        <g:sale_price>775.00 AED</g:sale_price>
        <g:shipping_size><![CDATA[93x34x94 cm]]></g:shipping_size></item><item>
        <g:id>7135</g:id>
        <g:item_group_id>7105</g:item_group_id>
        <g:availability>in stock</g:availability>
        <g:condition>New</g:condition>
        <g:description><![CDATA[]]></g:description>
        <g:image_link><![CDATA[https://www.alhuzaifa.com/wp-content/uploads/2020/05/LTY07-BLUE.jpg]]></g:image_link>
        <g:link><![CDATA[https://www.alhuzaifa.com/shop/horse/]]></g:link>
        <g:title><![CDATA[HORSE]]></g:title>
        <g:price>1035.00 AED</g:price>
        <g:mpn>KIDSLTY07-BLUE</g:mpn>
        <g:size><![CDATA[LARGE]]></g:size>
        <g:color><![CDATA[blue + off white]]></g:color>
        <g:google_product_category><![CDATA[Business & Industrial > Medical > Medical Furniture]]></g:google_product_category>
        <g:sale_price>775.00 AED</g:sale_price>
        <g:shipping_size><![CDATA[93x34x94 cm]]></g:shipping_size></item><item>
        <g:id>7124</g:id>
        <g:item_group_id>7109</g:item_group_id>
        <g:availability>in stock</g:availability>
        <g:condition>New</g:condition>
        <g:description><![CDATA[]]></g:description>
        <g:image_link><![CDATA[https://www.alhuzaifa.com/wp-content/uploads/2020/05/LTR22-PINK.jpg]]></g:image_link>
        <g:link><![CDATA[https://www.alhuzaifa.com/shop/unicorn/]]></g:link>
        <g:title><![CDATA[UNICORN]]></g:title>
        <g:price>680.00 AED</g:price>
        <g:mpn>KIDSLTR22-PINK</g:mpn>
        <g:size><![CDATA[MEDIUM]]></g:size>
        <g:color><![CDATA[pink + white +grey]]></g:color>
        <g:google_product_category><![CDATA[Business & Industrial > Medical > Medical Furniture]]></g:google_product_category>
        <g:sale_price>510.00 AED</g:sale_price></item><item>
        <g:id>7125</g:id>
        <g:item_group_id>7109</g:item_group_id>
        <g:availability>in stock</g:availability>
        <g:condition>New</g:condition>
        <g:description><![CDATA[]]></g:description>
        <g:image_link><![CDATA[https://www.alhuzaifa.com/wp-content/uploads/2020/05/LTR22-OFFWHITE-scaled.jpg]]></g:image_link>
        <g:link><![CDATA[https://www.alhuzaifa.com/shop/unicorn/]]></g:link>
        <g:title><![CDATA[UNICORN]]></g:title>
        <g:price>680.00 AED</g:price>
        <g:mpn>KIDSLTR22-OFFWHITE</g:mpn>
        <g:size><![CDATA[MEDIUM]]></g:size>
        <g:color><![CDATA[off white]]></g:color>
        <g:google_product_category><![CDATA[Business & Industrial > Medical > Medical Furniture]]></g:google_product_category>
        <g:sale_price>510.00 AED</g:sale_price></item><item>
        <g:id>7882</g:id>
        <g:item_group_id>7109</g:item_group_id>
        <g:availability>in stock</g:availability>
        <g:condition>New</g:condition>
        <g:description><![CDATA[]]></g:description>
        <g:image_link><![CDATA[https://www.alhuzaifa.com/wp-content/uploads/2020/05/LTM21-OFFWHITE.jpg]]></g:image_link>
        <g:link><![CDATA[https://www.alhuzaifa.com/shop/unicorn/]]></g:link>
        <g:title><![CDATA[UNICORN]]></g:title>
        <g:price>135.00 AED</g:price>
        <g:mpn>KIDSLTM21-OFFWHITE</g:mpn>
        <g:size><![CDATA[SMALL]]></g:size>
        <g:color><![CDATA[off white]]></g:color>
        <g:google_product_category><![CDATA[Business & Industrial > Medical > Medical Furniture]]></g:google_product_category>
        <g:sale_price>100.00 AED</g:sale_price>
        <g:shipping_size><![CDATA[51x26x42 cm]]></g:shipping_size></item><item>
        <g:id>7127</g:id>
        <g:availability>in stock</g:availability>
        <g:condition>New</g:condition>
        <g:description><![CDATA[cotton cover 100% + solid wood + plawood frame &amp; 100% polyyester filling with yarn knitted in grey]]></g:description>
        <g:image_link><![CDATA[https://www.alhuzaifa.com/wp-content/uploads/2020/05/LTY02-GREY.jpg]]></g:image_link>
        <g:link><![CDATA[https://www.alhuzaifa.com/shop/rhino/]]></g:link>
        <g:title><![CDATA[RHINO]]></g:title>
        <g:price>1035.00 AED</g:price>
        <g:mpn>KIDSLTY02-GREY</g:mpn>
        <g:size><![CDATA[LARGE]]></g:size>
        <g:color><![CDATA[Grey]]></g:color>
        <g:google_product_category><![CDATA[Business & Industrial > Medical > Medical Furniture]]></g:google_product_category>
        <g:sale_price>775.00 AED</g:sale_price>
        <g:shipping_size><![CDATA[116x36x64 cm]]></g:shipping_size></item><item>
        <g:id>7139</g:id>
        <g:availability>in stock</g:availability>
        <g:condition>New</g:condition>
        <g:description><![CDATA[]]></g:description>
        <g:image_link><![CDATA[https://www.alhuzaifa.com/wp-content/uploads/2020/05/LTY20.jpg]]></g:image_link>
        <g:link><![CDATA[https://www.alhuzaifa.com/shop/seal/]]></g:link>
        <g:title><![CDATA[SEAL]]></g:title>
        <g:price>1110.00 AED</g:price>
        <g:mpn>KIDSLTY20-YELLOW</g:mpn>
        <g:size><![CDATA[LARGE]]></g:size>
        <g:color><![CDATA[yellow +blue]]></g:color>
        <g:google_product_category><![CDATA[Business & Industrial > Medical > Medical Furniture]]></g:google_product_category>
        <g:sale_price>830.00 AED</g:sale_price>
        <g:shipping_size><![CDATA[4324x343x34 cm]]></g:shipping_size></item><item>
        <g:id>7141</g:id>
        <g:availability>in stock</g:availability>
        <g:condition>New</g:condition>
        <g:description><![CDATA[Vivid and whimsical. Asymmetric arcs in warm gold light up the room with modern simplicity.]]></g:description>
        <g:image_link><![CDATA[https://www.alhuzaifa.com/wp-content/uploads/2020/05/MD10176-5001500H.jpg]]></g:image_link>
        <g:link><![CDATA[https://www.alhuzaifa.com/shop/led-pendant-lamp/]]></g:link>
        <g:title><![CDATA[LED  PENDANT LAMP]]></g:title>
        <g:price>7800.00 AED</g:price>
        <g:mpn>ACMD10176-5001500H</g:mpn>
        <g:color><![CDATA[gold foil]]></g:color>
        <g:google_product_category><![CDATA[Business & Industrial > Medical > Medical Furniture]]></g:google_product_category>
        <g:sale_price>5850.00 AED</g:sale_price></item><item>
        <g:id>7144</g:id>
        <g:availability>in stock</g:availability>
        <g:condition>New</g:condition>
        <g:description><![CDATA[A striking piece of functional design with distinctive sculptural appeal. A pendant lamp adorned with suspended cymbal in a brushed brass finish that refracts warm light across the room.]]></g:description>
        <g:image_link><![CDATA[https://www.alhuzaifa.com/wp-content/uploads/2020/05/MD21538-10-1000T.jpg]]></g:image_link>
        <g:link><![CDATA[https://www.alhuzaifa.com/shop/long-pendant-lamp/]]></g:link>
        <g:title><![CDATA[LONG PENDANT LAMP]]></g:title>
        <g:price>8100.00 AED</g:price>
        <g:mpn>ACMD21538-10-1000T</g:mpn>
        <g:color><![CDATA[brass]]></g:color>
        <g:google_product_category><![CDATA[Business & Industrial > Medical > Medical Furniture]]></g:google_product_category>
        <g:sale_price>6075.00 AED</g:sale_price></item><item>
        <g:id>7147</g:id>
        <g:availability>in stock</g:availability>
        <g:condition>New</g:condition>
        <g:description><![CDATA[A striking piece of functional design with distinctive sculptural appeal. A pendant lamp adorned with suspended cymbal in a brushed brass finish that refracts warm light across the room.]]></g:description>
        <g:image_link><![CDATA[https://www.alhuzaifa.com/wp-content/uploads/2020/05/MD21538-12-550T.jpg]]></g:image_link>
        <g:link><![CDATA[https://www.alhuzaifa.com/shop/round-pendant-lamp/]]></g:link>
        <g:title><![CDATA[ROUND PENDANT LAMP]]></g:title>
        <g:price>3650.00 AED</g:price>
        <g:mpn>ACMD21538-12-550T</g:mpn>
        <g:color><![CDATA[brass]]></g:color>
        <g:google_product_category><![CDATA[Business & Industrial > Medical > Medical Furniture]]></g:google_product_category>
        <g:sale_price>2735.00 AED</g:sale_price></item><item>
        <g:id>7150</g:id>
        <g:availability>in stock</g:availability>
        <g:condition>New</g:condition>
        <g:description><![CDATA[A striking piece of functional design with distinctive sculptural appeal. A pendant lamp adorned with suspended cymbal in a brushed brass finish that refracts warm light across the room.]]></g:description>
        <g:image_link><![CDATA[https://www.alhuzaifa.com/wp-content/uploads/2020/05/MD21538-24-800T.jpg]]></g:image_link>
        <g:link><![CDATA[https://www.alhuzaifa.com/shop/round-ceiling-lamp/]]></g:link>
        <g:title><![CDATA[ROUND CEILING  LAMP]]></g:title>
        <g:price>4780.00 AED</g:price>
        <g:mpn>ACMD21538-24-800T</g:mpn>
        <g:color><![CDATA[brass]]></g:color>
        <g:google_product_category><![CDATA[Business & Industrial > Medical > Medical Furniture]]></g:google_product_category>
        <g:sale_price>3585.00 AED</g:sale_price></item><item>
        <g:id>7153</g:id>
        <g:availability>in stock</g:availability>
        <g:condition>New</g:condition>
        <g:description><![CDATA[A bare bulb pendant lamp lends chic minimalism and focus to your space. With glowing filaments and antique brass hardware, hang as a single piece or clustered at varying heights.]]></g:description>
        <g:image_link><![CDATA[https://www.alhuzaifa.com/wp-content/uploads/2020/05/MD60179-1-180.jpg]]></g:image_link>
        <g:link><![CDATA[https://www.alhuzaifa.com/shop/glass-pendant-lamp/]]></g:link>
        <g:title><![CDATA[GLASS  PENDANT LAMP]]></g:title>
        <g:price>6400.00 AED</g:price>
        <g:mpn>ACMD60179-1-180</g:mpn>
        <g:color><![CDATA[brass +champ glass]]></g:color>
        <g:google_product_category><![CDATA[Business & Industrial > Medical > Medical Furniture]]></g:google_product_category>
        <g:sale_price>4800.00 AED</g:sale_price></item><item>
        <g:id>7158</g:id>
        <g:item_group_id>7156</g:item_group_id>
        <g:availability>in stock</g:availability>
        <g:condition>New</g:condition>
        <g:description><![CDATA[Crafted with glass in a smoky hue, the LED Table Lamp has contemporary appeal that radiates soft ambient light.]]></g:description>
        <g:image_link><![CDATA[https://www.alhuzaifa.com/wp-content/uploads/2020/05/57-1.jpg]]></g:image_link>
        <g:link><![CDATA[https://www.alhuzaifa.com/shop/led-table-lamp/]]></g:link>
        <g:title><![CDATA[LED TABLE LAMP]]></g:title>
        <g:price>1275.00 AED</g:price>
        <g:mpn>ACMT10872-1-320-G</g:mpn>
        <g:color><![CDATA[Grey]]></g:color>
        <g:google_product_category><![CDATA[Business & Industrial > Medical > Medical Furniture]]></g:google_product_category>
        <g:sale_price>955.00 AED</g:sale_price>
        <g:additional_image_link><![CDATA[https://www.alhuzaifa.com/wp-content/uploads/2020/05/58-1.jpg]]></g:additional_image_link>
        <g:additional_image_link><![CDATA[https://www.alhuzaifa.com/wp-content/uploads/2020/05/59-1.jpg]]></g:additional_image_link></item><item>
        <g:id>7157</g:id>
        <g:item_group_id>7156</g:item_group_id>
        <g:availability>in stock</g:availability>
        <g:condition>New</g:condition>
        <g:description><![CDATA[Crafted with glass in a smoky hue, the LED Table Lamp has contemporary appeal that radiates soft ambient light.]]></g:description>
        <g:image_link><![CDATA[https://www.alhuzaifa.com/wp-content/uploads/2020/05/57-1.jpg]]></g:image_link>
        <g:link><![CDATA[https://www.alhuzaifa.com/shop/led-table-lamp/]]></g:link>
        <g:title><![CDATA[LED TABLE LAMP]]></g:title>
        <g:price>1275.00 AED</g:price>
        <g:mpn>ACMT10872-1-320-C</g:mpn>
        <g:color><![CDATA[clear]]></g:color>
        <g:google_product_category><![CDATA[Business & Industrial > Medical > Medical Furniture]]></g:google_product_category>
        <g:sale_price>955.00 AED</g:sale_price>
        <g:additional_image_link><![CDATA[https://www.alhuzaifa.com/wp-content/uploads/2020/05/58-1.jpg]]></g:additional_image_link>
        <g:additional_image_link><![CDATA[https://www.alhuzaifa.com/wp-content/uploads/2020/05/59-1.jpg]]></g:additional_image_link></item><item>
        <g:id>7159</g:id>
        <g:availability>in stock</g:availability>
        <g:condition>New</g:condition>
        <g:description><![CDATA[Of unconventional design and sculptural sophistication, the Geometric Table Lamp outlined in brass with a satin-finish glass sphere diffuses intrigue and ambient lights.]]></g:description>
        <g:image_link><![CDATA[https://www.alhuzaifa.com/wp-content/uploads/2020/05/MT60190-1A-490.jpg]]></g:image_link>
        <g:link><![CDATA[https://www.alhuzaifa.com/shop/led-table-lamp-2/]]></g:link>
        <g:title><![CDATA[LED TABLE LAMP GEOMETRIC]]></g:title>
        <g:price>1850.00 AED</g:price>
        <g:mpn>ACMT60190-1A-490</g:mpn>
        <g:color><![CDATA[brass + white + black]]></g:color>
        <g:google_product_category><![CDATA[Business & Industrial > Medical > Medical Furniture]]></g:google_product_category>
        <g:sale_price>1385.00 AED</g:sale_price></item><item>
        <g:id>7162</g:id>
        <g:availability>in stock</g:availability>
        <g:condition>New</g:condition>
        <g:description><![CDATA[A sunburst silhouette in antique gold finish. It’s intricate detail makes this piece a must-have style statement.]]></g:description>
        <g:image_link><![CDATA[https://www.alhuzaifa.com/wp-content/uploads/2020/05/ACOA5530.jpg]]></g:image_link>
        <g:link><![CDATA[https://www.alhuzaifa.com/shop/round-leaf-mirror/]]></g:link>
        <g:title><![CDATA[ROUND LEAF MIRROR]]></g:title>
        <g:price>1100.00 AED</g:price>
        <g:mpn>ACOA5530</g:mpn>
        <g:color><![CDATA[gold leaf]]></g:color>
        <g:google_product_category><![CDATA[Business & Industrial > Medical > Medical Furniture]]></g:google_product_category>
        <g:sale_price>825.00 AED</g:sale_price></item><item>
        <g:id>7165</g:id>
        <g:availability>in stock</g:availability>
        <g:condition>New</g:condition>
        <g:description><![CDATA[With simple lines and uncomplicated design, this geometric frame in an antique gold finish is distinguished in every detail.]]></g:description>
        <g:image_link><![CDATA[https://www.alhuzaifa.com/wp-content/uploads/2020/05/ACOA5673.jpg]]></g:image_link>
        <g:link><![CDATA[https://www.alhuzaifa.com/shop/square-wall-mirror/]]></g:link>
        <g:title><![CDATA[SQUARE  WALL MIRROR]]></g:title>
        <g:price>430.00 AED</g:price>
        <g:mpn>ACOA5673</g:mpn>
        <g:color><![CDATA[gold leaf]]></g:color>
        <g:google_product_category><![CDATA[Business & Industrial > Medical > Medical Furniture]]></g:google_product_category>
        <g:sale_price>320.00 AED</g:sale_price></item><item>
        <g:id>7171</g:id>
        <g:availability>in stock</g:availability>
        <g:condition>New</g:condition>
        <g:description><![CDATA[Creating a sense of artistry on your wall, the geometric Framed Wall Mirror reflects high impact and contemporary aesthetic in an antique gold finish.]]></g:description>
        <g:image_link><![CDATA[https://www.alhuzaifa.com/wp-content/uploads/2020/05/ACOA5891.jpg]]></g:image_link>
        <g:link><![CDATA[https://www.alhuzaifa.com/shop/framed-wall-mirror/]]></g:link>
        <g:title><![CDATA[FRAMED WALL MIRROR]]></g:title>
        <g:price>805.00 AED</g:price>
        <g:mpn>ACOA5891</g:mpn>
        <g:color><![CDATA[gold leaf]]></g:color>
        <g:google_product_category><![CDATA[Business & Industrial > Medical > Medical Furniture]]></g:google_product_category>
        <g:sale_price>600.00 AED</g:sale_price></item><item>
        <g:id>7174</g:id>
        <g:availability>in stock</g:availability>
        <g:condition>New</g:condition>
        <g:description><![CDATA[A sunburst silhouette in antique gold finish. It’s intricate detail makes this piece a must-have style statement.]]></g:description>
        <g:image_link><![CDATA[https://www.alhuzaifa.com/wp-content/uploads/2020/05/ACOA6014.jpg]]></g:image_link>
        <g:link><![CDATA[https://www.alhuzaifa.com/shop/decorative-wall-mirror/]]></g:link>
        <g:title><![CDATA[DECORATIVE WALL MIRROR]]></g:title>
        <g:price>1320.00 AED</g:price>
        <g:mpn>ACOA6014</g:mpn>
        <g:color><![CDATA[gold leaf]]></g:color>
        <g:google_product_category><![CDATA[Business & Industrial > Medical > Medical Furniture]]></g:google_product_category>
        <g:sale_price>990.00 AED</g:sale_price></item><item>
        <g:id>7177</g:id>
        <g:availability>in stock</g:availability>
        <g:condition>New</g:condition>
        <g:description><![CDATA[A sunburst silhouette in antique gold finish. It’s intricate detail makes this piece a must-have style statement.]]></g:description>
        <g:image_link><![CDATA[https://www.alhuzaifa.com/wp-content/uploads/2020/05/ACOA6034.jpg]]></g:image_link>
        <g:link><![CDATA[https://www.alhuzaifa.com/shop/round-mirror/]]></g:link>
        <g:title><![CDATA[ROUND  MIRROR]]></g:title>
        <g:price>900.00 AED</g:price>
        <g:mpn>ACOA6034</g:mpn>
        <g:color><![CDATA[gold leaf]]></g:color>
        <g:google_product_category><![CDATA[Business & Industrial > Medical > Medical Furniture]]></g:google_product_category>
        <g:sale_price>675.00 AED</g:sale_price></item><item>
        <g:id>7180</g:id>
        <g:availability>in stock</g:availability>
        <g:condition>New</g:condition>
        <g:description><![CDATA[A substantial vintage glam piece that’s easily the focal point of the room with an antique gold frame and breakaway twig silhouette.]]></g:description>
        <g:image_link><![CDATA[https://www.alhuzaifa.com/wp-content/uploads/2020/05/ACOA6046.jpg]]></g:image_link>
        <g:link><![CDATA[https://www.alhuzaifa.com/shop/round-decorative-mirror/]]></g:link>
        <g:title><![CDATA[ROUND DECORATIVE  MIRROR]]></g:title>
        <g:price>585.00 AED</g:price>
        <g:mpn>ACOA6046</g:mpn>
        <g:color><![CDATA[gold leaf]]></g:color>
        <g:google_product_category><![CDATA[Business & Industrial > Medical > Medical Furniture]]></g:google_product_category>
        <g:sale_price>435.00 AED</g:sale_price></item><item>
        <g:id>7185</g:id>
        <g:item_group_id>7183</g:item_group_id>
        <g:availability>in stock</g:availability>
        <g:condition>New</g:condition>
        <g:description><![CDATA[]]></g:description>
        <g:link><![CDATA[https://www.alhuzaifa.com/shop/hurricane-candleholder/]]></g:link>
        <g:title><![CDATA[Hurricane Candleholder]]></g:title>
        <g:price>705.00 AED</g:price>
        <g:mpn>ACCNIDCHN013S</g:mpn>
        <g:size><![CDATA[SMALL]]></g:size>
        <g:color><![CDATA[antique brass]]></g:color>
        <g:google_product_category><![CDATA[Business & Industrial > Medical > Medical Furniture]]></g:google_product_category>
        <g:sale_price>525.00 AED</g:sale_price></item><item>
        <g:id>7186</g:id>
        <g:availability>in stock</g:availability>
        <g:condition>New</g:condition>
        <g:description><![CDATA[A dynamic pair seemingly moulded by the momentum of movement. These beautifully shaped vases in a buttery gold finish are absolutely enchanting.]]></g:description>
        <g:image_link><![CDATA[https://www.alhuzaifa.com/wp-content/uploads/2020/05/52-2.jpg]]></g:image_link>
        <g:link><![CDATA[https://www.alhuzaifa.com/shop/set-of-2-alumimum-vase/]]></g:link>
        <g:title><![CDATA[Set of 2 Alumimum Vase]]></g:title>
        <g:price>1440.00 AED</g:price>
        <g:mpn>ACCNIDVSN014</g:mpn>
        <g:color><![CDATA[shiny gold]]></g:color>
        <g:google_product_category><![CDATA[Business & Industrial > Medical > Medical Furniture]]></g:google_product_category>
        <g:sale_price>1080.00 AED</g:sale_price>
        <g:additional_image_link><![CDATA[https://www.alhuzaifa.com/wp-content/uploads/2020/05/50-2.jpg]]></g:additional_image_link>
        <g:additional_image_link><![CDATA[https://www.alhuzaifa.com/wp-content/uploads/2020/05/49-2.jpg]]></g:additional_image_link></item><item>
        <g:id>7191</g:id>
        <g:availability>in stock</g:availability>
        <g:condition>New</g:condition>
        <g:description><![CDATA[]]></g:description>
        <g:image_link><![CDATA[https://www.alhuzaifa.com/wp-content/uploads/2020/05/5th-6.jpg]]></g:image_link>
        <g:link><![CDATA[https://www.alhuzaifa.com/shop/round-flower-vase/]]></g:link>
        <g:title><![CDATA[ROUND FLOWER VASE - SET OF 2]]></g:title>
        <g:price>510.00 AED</g:price>
        <g:mpn>ACCNIDVSN002G</g:mpn>
        <g:color><![CDATA[GOLD]]></g:color>
        <g:google_product_category><![CDATA[Business & Industrial > Medical > Medical Furniture]]></g:google_product_category>
        <g:sale_price>380.00 AED</g:sale_price>
        <g:additional_image_link><![CDATA[https://www.alhuzaifa.com/wp-content/uploads/2020/05/5th-9.jpg]]></g:additional_image_link>
        <g:additional_image_link><![CDATA[https://www.alhuzaifa.com/wp-content/uploads/2020/05/5th-7.jpg]]></g:additional_image_link>
        <g:additional_image_link><![CDATA[https://www.alhuzaifa.com/wp-content/uploads/2020/05/5th-8.jpg]]></g:additional_image_link></item><item>
        <g:id>7193</g:id>
        <g:availability>in stock</g:availability>
        <g:condition>New</g:condition>
        <g:description><![CDATA[A chic finishing touch to any interior, grooved gold platters with deep asymmetric curves make a wonderfully contemporary home accent.]]></g:description>
        <g:image_link><![CDATA[https://www.alhuzaifa.com/wp-content/uploads/2020/05/20-4.jpg]]></g:image_link>
        <g:link><![CDATA[https://www.alhuzaifa.com/shop/textured-platter/]]></g:link>
        <g:title><![CDATA[TEXTURED PLATTER]]></g:title>
        <g:price>1700.00 AED</g:price>
        <g:mpn>ACCNIDTRN008</g:mpn>
        <g:color><![CDATA[GOLD]]></g:color>
        <g:google_product_category><![CDATA[Business & Industrial > Medical > Medical Furniture]]></g:google_product_category>
        <g:sale_price>1275.00 AED</g:sale_price>
        <g:additional_image_link><![CDATA[https://www.alhuzaifa.com/wp-content/uploads/2020/05/19-3.jpg]]></g:additional_image_link></item><item>
        <g:id>7197</g:id>
        <g:item_group_id>7195</g:item_group_id>
        <g:availability>in stock</g:availability>
        <g:condition>New</g:condition>
        <g:description><![CDATA[]]></g:description>
        <g:image_link><![CDATA[https://www.alhuzaifa.com/wp-content/uploads/2020/05/6th-19.jpg]]></g:image_link>
        <g:link><![CDATA[https://www.alhuzaifa.com/shop/leaf-platter/]]></g:link>
        <g:title><![CDATA[LEAF PLATTER]]></g:title>
        <g:price>545.00 AED</g:price>
        <g:mpn>ACCNIDTZRN002S</g:mpn>
        <g:size><![CDATA[SMALL]]></g:size>
        <g:color><![CDATA[GOLD]]></g:color>
        <g:google_product_category><![CDATA[Business & Industrial > Medical > Medical Furniture]]></g:google_product_category>
        <g:sale_price>405.00 AED</g:sale_price>
        <g:additional_image_link><![CDATA[https://www.alhuzaifa.com/wp-content/uploads/2020/05/6th-30.jpg]]></g:additional_image_link></item><item>
        <g:id>7196</g:id>
        <g:item_group_id>7195</g:item_group_id>
        <g:availability>in stock</g:availability>
        <g:condition>New</g:condition>
        <g:description><![CDATA[]]></g:description>
        <g:image_link><![CDATA[https://www.alhuzaifa.com/wp-content/uploads/2020/05/6th-19.jpg]]></g:image_link>
        <g:link><![CDATA[https://www.alhuzaifa.com/shop/leaf-platter/]]></g:link>
        <g:title><![CDATA[LEAF PLATTER]]></g:title>
        <g:price>675.00 AED</g:price>
        <g:mpn>ACCNIDTZRN002L</g:mpn>
        <g:size><![CDATA[LARGE]]></g:size>
        <g:color><![CDATA[GOLD]]></g:color>
        <g:google_product_category><![CDATA[Business & Industrial > Medical > Medical Furniture]]></g:google_product_category>
        <g:sale_price>505.00 AED</g:sale_price>
        <g:additional_image_link><![CDATA[https://www.alhuzaifa.com/wp-content/uploads/2020/05/6th-30.jpg]]></g:additional_image_link></item><item>
        <g:id>7198</g:id>
        <g:availability>in stock</g:availability>
        <g:condition>New</g:condition>
        <g:description><![CDATA[Earthy yet ethereal, fill a feature wall with a hand painted canvas that creates a richly layered and atmospheric composition and leaves serenity in its wake.]]></g:description>
        <g:image_link><![CDATA[https://www.alhuzaifa.com/wp-content/uploads/2020/05/CNTOP2569.jpg]]></g:image_link>
        <g:link><![CDATA[https://www.alhuzaifa.com/shop/painting/]]></g:link>
        <g:title><![CDATA[PAINTING]]></g:title>
        <g:price>2190.00 AED</g:price>
        <g:mpn>ACCNTOP2569</g:mpn>
        <g:color><![CDATA[antique silver]]></g:color>
        <g:google_product_category><![CDATA[Business & Industrial > Medical > Medical Furniture]]></g:google_product_category>
        <g:sale_price>1640.00 AED</g:sale_price></item><item>
        <g:id>7201</g:id>
        <g:availability>in stock</g:availability>
        <g:condition>New</g:condition>
        <g:description><![CDATA[Go for gold with succinct symmetry and seamless curves. The leaf-shaped table top accents are ideal for elegant entertaining or simply as a glamorous  display.]]></g:description>
        <g:image_link><![CDATA[https://www.alhuzaifa.com/wp-content/uploads/2020/05/unnamed-file.jpg]]></g:image_link>
        <g:link><![CDATA[https://www.alhuzaifa.com/shop/leaf/]]></g:link>
        <g:title><![CDATA[LEAF SHINY GOLD]]></g:title>
        <g:price>565.00 AED</g:price>
        <g:mpn>ACCNTRN001</g:mpn>
        <g:color><![CDATA[shiny gold]]></g:color>
        <g:google_product_category><![CDATA[Business & Industrial > Medical > Medical Furniture]]></g:google_product_category>
        <g:sale_price>420.00 AED</g:sale_price></item><item>
        <g:id>7203</g:id>
        <g:availability>in stock</g:availability>
        <g:condition>New</g:condition>
        <g:description><![CDATA[]]></g:description>
        <g:image_link><![CDATA[https://www.alhuzaifa.com/wp-content/uploads/2020/05/4th-16.jpg]]></g:image_link>
        <g:link><![CDATA[https://www.alhuzaifa.com/shop/glass-vase/]]></g:link>
        <g:title><![CDATA[GLASS VASE]]></g:title>
        <g:price>835.00 AED</g:price>
        <g:mpn>ACCNIDVZSN002</g:mpn>
        <g:color><![CDATA[Grey]]></g:color>
        <g:google_product_category><![CDATA[Business & Industrial > Medical > Medical Furniture]]></g:google_product_category>
        <g:sale_price>625.00 AED</g:sale_price>
        <g:additional_image_link><![CDATA[https://www.alhuzaifa.com/wp-content/uploads/2020/05/4th-17.jpg]]></g:additional_image_link>
        <g:additional_image_link><![CDATA[https://www.alhuzaifa.com/wp-content/uploads/2020/05/4th-18.jpg]]></g:additional_image_link></item><item>
        <g:id>7208</g:id>
        <g:availability>in stock</g:availability>
        <g:condition>New</g:condition>
        <g:description><![CDATA[A textured base with distressed brass finish and clear glass chimney transform the ambience with its modern classic silhouette and cosy ‘hygge’ effect.]]></g:description>
        <g:image_link><![CDATA[https://www.alhuzaifa.com/wp-content/uploads/2020/05/CNCHN001L.jpg]]></g:image_link>
        <g:link><![CDATA[https://www.alhuzaifa.com/shop/large-hurricane/]]></g:link>
        <g:title><![CDATA[Large Hurricane]]></g:title>
        <g:price>815.00 AED</g:price>
        <g:mpn>ACCNCHN001L</g:mpn>
        <g:size><![CDATA[LARGE]]></g:size>
        <g:color><![CDATA[brass+clear]]></g:color>
        <g:google_product_category><![CDATA[Business & Industrial > Medical > Medical Furniture]]></g:google_product_category>
        <g:sale_price>610.00 AED</g:sale_price></item><item>
        <g:id>7211</g:id>
        <g:availability>in stock</g:availability>
        <g:condition>New</g:condition>
        <g:description><![CDATA[]]></g:description>
        <g:image_link><![CDATA[https://www.alhuzaifa.com/wp-content/uploads/2020/05/CNCHN001S.jpg]]></g:image_link>
        <g:link><![CDATA[https://www.alhuzaifa.com/shop/small-hurricane/]]></g:link>
        <g:title><![CDATA[Small Hurricane]]></g:title>
        <g:price>630.00 AED</g:price>
        <g:mpn>ACCNCHN001S</g:mpn>
        <g:size><![CDATA[SMALL]]></g:size>
        <g:color><![CDATA[brass+clear]]></g:color>
        <g:google_product_category><![CDATA[Business & Industrial > Medical > Medical Furniture]]></g:google_product_category>
        <g:sale_price>470.00 AED</g:sale_price></item><item>
        <g:id>7214</g:id>
        <g:availability>in stock</g:availability>
        <g:condition>New</g:condition>
        <g:description><![CDATA[]]></g:description>
        <g:link><![CDATA[https://www.alhuzaifa.com/shop/set-of-3-painting/]]></g:link>
        <g:title><![CDATA[SET OF 3 PAINTING]]></g:title>
        <g:price>2275.00 AED</g:price>
        <g:mpn>ACCNBZWF060</g:mpn>
        <g:color><![CDATA[champange+gold]]></g:color>
        <g:google_product_category><![CDATA[Business & Industrial > Medical > Medical Furniture]]></g:google_product_category>
        <g:sale_price>1705.00 AED</g:sale_price></item><item>
        <g:id>7216</g:id>
        <g:availability>in stock</g:availability>
        <g:condition>New</g:condition>
        <g:description><![CDATA[]]></g:description>
        <g:link><![CDATA[https://www.alhuzaifa.com/shop/leaf-tray/]]></g:link>
        <g:title><![CDATA[LEAF TRAY - SET OF 2]]></g:title>
        <g:price>575.00 AED</g:price>
        <g:mpn>ACCNTRN002G</g:mpn>
        <g:color><![CDATA[gold finish]]></g:color>
        <g:google_product_category><![CDATA[Business & Industrial > Medical > Medical Furniture]]></g:google_product_category>
        <g:sale_price>430.00 AED</g:sale_price></item><item>
        <g:id>7218</g:id>
        <g:availability>in stock</g:availability>
        <g:condition>New</g:condition>
        <g:description><![CDATA[]]></g:description>
        <g:link><![CDATA[https://www.alhuzaifa.com/shop/horse-sculpture-large/]]></g:link>
        <g:title><![CDATA[HORSE SCULPTURE LARGE]]></g:title>
        <g:price>1415.00 AED</g:price>
        <g:mpn>ACCNDEN043</g:mpn>
        <g:color><![CDATA[silver]]></g:color>
        <g:google_product_category><![CDATA[Business & Industrial > Medical > Medical Furniture]]></g:google_product_category>
        <g:sale_price>1060.00 AED</g:sale_price></item><item>
        <g:id>7220</g:id>
        <g:availability>in stock</g:availability>
        <g:condition>New</g:condition>
        <g:description><![CDATA[An abstract equestrian sculpture with exaggerated proportions and slender silhouette, the monochrome Horse Walker Statue is iconic from every angle.]]></g:description>
        <g:image_link><![CDATA[https://www.alhuzaifa.com/wp-content/uploads/2020/05/67-2.jpg]]></g:image_link>
        <g:link><![CDATA[https://www.alhuzaifa.com/shop/horse-walker-statue/]]></g:link>
        <g:title><![CDATA[HORSE WALKER STATUE]]></g:title>
        <g:price>500.00 AED</g:price>
        <g:mpn>ACCNDEN025</g:mpn>
        <g:color><![CDATA[silver]]></g:color>
        <g:google_product_category><![CDATA[Business & Industrial > Medical > Medical Furniture]]></g:google_product_category>
        <g:sale_price>375.00 AED</g:sale_price></item><item>
        <g:id>7222</g:id>
        <g:availability>in stock</g:availability>
        <g:condition>New</g:condition>
        <g:description><![CDATA[]]></g:description>
        <g:link><![CDATA[https://www.alhuzaifa.com/shop/textured-clock-gold/]]></g:link>
        <g:title><![CDATA[Textured Clock gold]]></g:title>
        <g:price>1475.00 AED</g:price>
        <g:mpn>ACCNIDCZKN003B</g:mpn>
        <g:color><![CDATA[brass+black]]></g:color>
        <g:google_product_category><![CDATA[Business & Industrial > Medical > Medical Furniture]]></g:google_product_category>
        <g:sale_price>1105.00 AED</g:sale_price></item><item>
        <g:id>7224</g:id>
        <g:availability>in stock</g:availability>
        <g:condition>New</g:condition>
        <g:description><![CDATA[]]></g:description>
        <g:link><![CDATA[https://www.alhuzaifa.com/shop/textured-clock-black/]]></g:link>
        <g:title><![CDATA[Textured Clock  black]]></g:title>
        <g:price>1475.00 AED</g:price>
        <g:mpn>ACCNIDCZKN003A</g:mpn>
        <g:color><![CDATA[dark black +gold]]></g:color>
        <g:google_product_category><![CDATA[Business & Industrial > Medical > Medical Furniture]]></g:google_product_category>
        <g:sale_price>1105.00 AED</g:sale_price></item><item>
        <g:id>7226</g:id>
        <g:availability>in stock</g:availability>
        <g:condition>New</g:condition>
        <g:description><![CDATA[]]></g:description>
        <g:link><![CDATA[https://www.alhuzaifa.com/shop/large-textured-mirror-gold/]]></g:link>
        <g:title><![CDATA[Large Textured Mirror  Gold]]></g:title>
        <g:price>1860.00 AED</g:price>
        <g:mpn>ACCNIDMRN004A</g:mpn>
        <g:color><![CDATA[brass]]></g:color>
        <g:google_product_category><![CDATA[Business & Industrial > Medical > Medical Furniture]]></g:google_product_category>
        <g:sale_price>1395.00 AED</g:sale_price></item><item>
        <g:id>7228</g:id>
        <g:availability>in stock</g:availability>
        <g:condition>New</g:condition>
        <g:description><![CDATA[]]></g:description>
        <g:image_link><![CDATA[https://www.alhuzaifa.com/wp-content/uploads/2020/05/5th-16.jpg]]></g:image_link>
        <g:link><![CDATA[https://www.alhuzaifa.com/shop/textured-bowl/]]></g:link>
        <g:title><![CDATA[Textured Bowl]]></g:title>
        <g:price>770.00 AED</g:price>
        <g:mpn>ACCNIDTNP001A</g:mpn>
        <g:color><![CDATA[brass]]></g:color>
        <g:google_product_category><![CDATA[Business & Industrial > Medical > Medical Furniture]]></g:google_product_category>
        <g:sale_price>575.00 AED</g:sale_price>
        <g:additional_image_link><![CDATA[https://www.alhuzaifa.com/wp-content/uploads/2020/05/5th-17.jpg]]></g:additional_image_link></item><item>
        <g:id>7230</g:id>
        <g:availability>in stock</g:availability>
        <g:condition>New</g:condition>
        <g:description><![CDATA[There’s almost movement to be seen in this vibrant museum-quality print. Framed in a delicate gold foiled aluminium, this prosaic piece is uniquely you.]]></g:description>
        <g:image_link><![CDATA[https://www.alhuzaifa.com/wp-content/uploads/2020/05/NA100RESIIN.jpg]]></g:image_link>
        <g:link><![CDATA[https://www.alhuzaifa.com/shop/fish-resin-painting/]]></g:link>
        <g:title><![CDATA[FISH RESIN PAINTING]]></g:title>
        <g:price>3400.00 AED</g:price>
        <g:mpn>ACNA100RESIIN</g:mpn>
        <g:color><![CDATA[gold+purple]]></g:color>
        <g:google_product_category><![CDATA[Business & Industrial > Medical > Medical Furniture]]></g:google_product_category>
        <g:sale_price>2550.00 AED</g:sale_price></item>
  </channel>
</rss>